{"level":"error","time":"2024-04-08T21:30:48+03:00","message":"[repo.GetFileByName] [*pgxpool.Pool.QueryRow] Can't exec query: no rows in result set"}
{"level":"error","time":"2024-04-08T21:31:04+03:00","message":"[repo.CheckFileExistence] such file already in this project"}
{"level":"error","time":"2024-05-15T21:04:13+03:00","message":"[db.GetProjectById] [*pgxpool.Pool.QueryRow] Can't exec query: ERROR: invalid input syntax for type uuid: \"\" (SQLSTATE 22P02)"}
{"level":"error","time":"2024-05-15T21:05:43+03:00","message":"[db.GetProjectById] [*pgxpool.Pool.QueryRow] Can't exec query: ERROR: invalid input syntax for type uuid: \"\" (SQLSTATE 22P02)"}
{"level":"error","time":"2024-05-15T21:06:25+03:00","message":"EOF"}
{"level":"error","time":"2024-05-15T21:11:05+03:00","message":"EOF"}
{"level":"error","time":"2024-05-15T21:11:09+03:00","message":"EOF"}
{"level":"error","time":"2024-05-15T21:11:23+03:00","message":"[*pgxpool.Pool.QueryRow] Can't exec query: no rows in result set"}
{"level":"error","time":"2024-05-15T21:17:56+03:00","message":"[db.GetProjectById] [*pgxpool.Pool.QueryRow] Can't exec query: ERROR: invalid input syntax for type uuid: \"\" (SQLSTATE 22P02)"}
{"level":"error","time":"2024-05-15T21:17:58+03:00","message":"[db.GetProjectById] [*pgxpool.Pool.QueryRow] Can't exec query: ERROR: invalid input syntax for type uuid: \"\" (SQLSTATE 22P02)"}
{"level":"error","time":"2024-05-15T21:18:00+03:00","message":"[db.GetProjectById] [*pgxpool.Pool.QueryRow] Can't exec query: ERROR: invalid input syntax for type uuid: \"\" (SQLSTATE 22P02)"}
{"level":"error","time":"2024-05-15T21:20:07+03:00","message":"[db.GetProjectById] [*pgxpool.Pool.QueryRow] Can't exec query: ERROR: invalid input syntax for type uuid: \"NaN\" (SQLSTATE 22P02)"}
{"level":"error","time":"2024-05-15T21:20:08+03:00","message":"[db.GetProjectById] [*pgxpool.Pool.QueryRow] Can't exec query: ERROR: invalid input syntax for type uuid: \"NaN\" (SQLSTATE 22P02)"}
{"level":"error","time":"2024-05-15T21:20:09+03:00","message":"[db.GetProjectById] [*pgxpool.Pool.QueryRow] Can't exec query: ERROR: invalid input syntax for type uuid: \"NaN\" (SQLSTATE 22P02)"}
{"level":"error","time":"2024-05-15T21:20:10+03:00","message":"[db.GetProjectById] [*pgxpool.Pool.QueryRow] Can't exec query: ERROR: invalid input syntax for type uuid: \"NaN\" (SQLSTATE 22P02)"}
{"level":"error","time":"2024-05-15T21:20:11+03:00","message":"[db.GetProjectById] [*pgxpool.Pool.QueryRow] Can't exec query: ERROR: invalid input syntax for type uuid: \"NaN\" (SQLSTATE 22P02)"}
{"level":"error","time":"2024-05-15T21:21:55+03:00","message":"[db.GetProjectById] [*pgxpool.Pool.QueryRow] Can't exec query: ERROR: invalid input syntax for type uuid: \"NaN\" (SQLSTATE 22P02)"}
{"level":"error","time":"2024-05-15T21:21:57+03:00","message":"[db.GetProjectById] [*pgxpool.Pool.QueryRow] Can't exec query: ERROR: invalid input syntax for type uuid: \"NaN\" (SQLSTATE 22P02)"}
{"level":"error","time":"2024-05-15T21:21:57+03:00","message":"[db.GetProjectById] [*pgxpool.Pool.QueryRow] Can't exec query: ERROR: invalid input syntax for type uuid: \"NaN\" (SQLSTATE 22P02)"}
{"level":"error","time":"2024-05-15T21:21:58+03:00","message":"[db.GetProjectById] [*pgxpool.Pool.QueryRow] Can't exec query: ERROR: invalid input syntax for type uuid: \"NaN\" (SQLSTATE 22P02)"}
{"level":"error","time":"2024-05-15T21:21:58+03:00","message":"[db.GetProjectById] [*pgxpool.Pool.QueryRow] Can't exec query: ERROR: invalid input syntax for type uuid: \"NaN\" (SQLSTATE 22P02)"}
{"level":"error","time":"2024-05-15T21:21:59+03:00","message":"[db.GetProjectById] [*pgxpool.Pool.QueryRow] Can't exec query: ERROR: invalid input syntax for type uuid: \"NaN\" (SQLSTATE 22P02)"}
{"level":"error","time":"2024-05-15T21:22:00+03:00","message":"[db.GetProjectById] [*pgxpool.Pool.QueryRow] Can't exec query: ERROR: invalid input syntax for type uuid: \"NaN\" (SQLSTATE 22P02)"}
{"level":"error","time":"2024-05-15T21:23:06+03:00","message":"no rows in result set"}
{"level":"error","time":"2024-05-15T21:23:08+03:00","message":"no rows in result set"}
{"level":"error","time":"2024-05-15T21:27:59+03:00","message":"no rows in result set"}
{"level":"error","time":"2024-05-15T22:37:17+03:00","message":"parsing time \"2024-09-05\" as \"2006-01-02T15:04:05Z07:00\": cannot parse \"\" as \"T\""}
{"level":"error","time":"2024-05-15T22:37:54+03:00","message":"parsing time \"2024-09-05\" as \"2006-01-02T15:04:05Z07:00\": cannot parse \"\" as \"T\""}
