{"level":"error","time":"2024-05-16T15:37:14+03:00","message":"$s:error:$s%!(EXTRA string=88be8e64-a148-4b86-ae92-6e37853989c7, string=[CreateNote][repo.GetNoteByName]: such note title already exists in project)"}
{"time":"2024-05-16T15:38:40+03:00","message":"88be8e64-a148-4b86-ae92-6e37853989c7:success_request:[CreateNote]"}
{"time":"2024-05-16T15:39:28+03:00","message":"88be8e64-a148-4b86-ae92-6e37853989c7:success_request:[DeleteProject]"}
{"level":"error","time":"2024-05-16T16:15:31+03:00","message":"88be8e64-a148-4b86-ae92-6e37853989c7:error:[db.GetProjectById] [*pgxpool.Pool.QueryRow] Can't exec query: ERROR: invalid input syntax for type uuid: \":project_id\" (SQLSTATE 22P02)"}
{"level":"error","time":"2024-05-16T16:16:03+03:00","message":"88be8e64-a148-4b86-ae92-6e37853989c7:error:[DeleteFile][repo.GetFileByName]: [*pgxpool.Pool.QueryRow] Can't exec query: ERROR: invalid input syntax for type uuid: \"\" (SQLSTATE 22P02)"}
{"time":"2024-05-16T16:17:28+03:00","message":"88be8e64-a148-4b86-ae92-6e37853989c7:success_request:[DeleteFile]"}
{"level":"error","time":"2024-05-16T16:22:33+03:00","message":"88be8e64-a148-4b86-ae92-6e37853989c7:error:[DeleteFile][os.Remove]: remove /home/vvjkee/Workspace/university/diplom/storage/a2769063-41a6-480f-88dd-82fa18313468/diff-calculus.pdf: no such file or directory"}
{"level":"error","time":"2024-05-16T16:22:39+03:00","message":"88be8e64-a148-4b86-ae92-6e37853989c7:error:[DeleteFile][repo.GetFileByName]: [*pgxpool.Pool.QueryRow] Can't exec query: no rows in result set"}
{"time":"2024-05-16T16:23:28+03:00","message":"88be8e64-a148-4b86-ae92-6e37853989c7:success_request:[DeleteFile]"}
{"time":"2024-05-16T16:24:08+03:00","message":"88be8e64-a148-4b86-ae92-6e37853989c7:success_request:[DeleteFile]"}
{"time":"2024-05-16T16:24:43+03:00","message":"88be8e64-a148-4b86-ae92-6e37853989c7:success_request:[DeleteProject]"}
{"time":"2024-05-16T16:28:39+03:00","message":"88be8e64-a148-4b86-ae92-6e37853989c7:success_request:[CreateProject]"}
{"level":"error","time":"2024-05-16T16:29:16+03:00","message":"88be8e64-a148-4b86-ae92-6e37853989c7:error:[CreateProject]:such project already exists"}
{"time":"2024-05-16T16:30:38+03:00","message":"88be8e64-a148-4b86-ae92-6e37853989c7:success_request:[CreateNote]"}
{"level":"error","time":"2024-05-16T16:31:13+03:00","message":"88be8e64-a148-4b86-ae92-6e37853989c7:error:[UploadFile][gin.Context.FormFile]: request Content-Type isn't multipart/form-data"}
{"time":"2024-05-16T16:31:27+03:00","message":"88be8e64-a148-4b86-ae92-6e37853989c7:success_request:[UploadFile]"}
{"time":"2024-05-16T16:32:56+03:00","message":"88be8e64-a148-4b86-ae92-6e37853989c7:success_request:[DeleteProject]"}
{"time":"2024-05-16T16:36:37+03:00","message":"88be8e64-a148-4b86-ae92-6e37853989c7:success_request:[CreateProject]"}
{"time":"2024-05-16T16:37:19+03:00","message":"88be8e64-a148-4b86-ae92-6e37853989c7:success_request:[UploadFile]"}
{"time":"2024-05-16T16:37:54+03:00","message":"88be8e64-a148-4b86-ae92-6e37853989c7:success_request:[CreateNote]"}
{"time":"2024-05-16T16:38:23+03:00","message":"88be8e64-a148-4b86-ae92-6e37853989c7:success_request:[DeleteProject]"}
{"time":"2024-05-16T17:11:02+03:00","message":"88be8e64-a148-4b86-ae92-6e37853989c7:success_request:[CreateProject]"}
{"time":"2024-05-16T17:11:34+03:00","message":"88be8e64-a148-4b86-ae92-6e37853989c7:success_request:[CreateNote]"}
{"time":"2024-05-16T17:13:08+03:00","message":"88be8e64-a148-4b86-ae92-6e37853989c7:success_request:[UpdateNoteDeadline]"}
{"level":"error","time":"2024-05-16T17:14:05+03:00","message":"88be8e64-a148-4b86-ae92-6e37853989c7:error:[UpdateNoteDeadline][repo.GetNoteById]: [pgxpool.Pool.Exec] can't exec query ERROR: invalid input syntax for type uuid: \"6bf28bac-0e01-4c49-99d6-3f0cc0e7e4fs\" (SQLSTATE 22P02)"}
{"level":"error","time":"2024-05-16T17:14:58+03:00","message":"88be8e64-a148-4b86-ae92-6e37853989c7:error:[UpdateNoteDeadline][repo.GetNoteById]: no rows in result set"}
{"time":"2024-05-16T17:15:35+03:00","message":"88be8e64-a148-4b86-ae92-6e37853989c7:success_request:[DeleteNote]"}
{"time":"2024-05-16T19:11:24+03:00","message":"21901ffe-99b5-4761-a740-947b4d2d8e78:success_request:[CreateProject]"}
{"level":"error","time":"2024-05-16T19:12:00+03:00","message":"21901ffe-99b5-4761-a740-947b4d2d8e78:error:[CreateNote][repo.GetNotes]: [pgx.Rows.Scan] can't scan data: can't scan into dest[6]: cannot scan NULL into *int"}
{"level":"error","time":"2024-05-16T19:16:05+03:00","message":"21901ffe-99b5-4761-a740-947b4d2d8e78:error:[CreateNote][repo.GetNoteByName]: such note title already exists in project"}
{"time":"2024-05-16T19:17:23+03:00","message":"21901ffe-99b5-4761-a740-947b4d2d8e78:success_request:[CreateNote]"}
{"time":"2024-05-16T20:45:28+03:00","message":"21901ffe-99b5-4761-a740-947b4d2d8e78:success_request:[AddParticipant]"}
{"time":"2024-05-16T20:46:23+03:00","message":"21901ffe-99b5-4761-a740-947b4d2d8e78:success_request:[CreateNote]"}
{"time":"2024-05-16T20:51:38+03:00","message":"21901ffe-99b5-4761-a740-947b4d2d8e78:success_request:[AddParticipant]"}
{"time":"2024-05-18T21:39:10+03:00","message":"1f2d690a-fbab-4524-a433-cfe1e84f37d1:success_request:[CreateProject]"}
{"time":"2024-05-18T21:39:28+03:00","message":"1f2d690a-fbab-4524-a433-cfe1e84f37d1:success_request:[CreateProject]"}
{"time":"2024-05-18T21:39:34+03:00","message":"1f2d690a-fbab-4524-a433-cfe1e84f37d1:success_request:[CreateProject]"}
{"level":"error","time":"2024-05-18T21:39:58+03:00","message":"BasicAuthMiddleware:error:bad authorize password"}
{"level":"error","time":"2024-05-18T21:40:02+03:00","message":"BasicAuthMiddleware:error:bad authorize password"}
{"level":"error","time":"2024-05-18T21:43:47+03:00","message":"BasicAuthMiddleware:error:[crypt.HashPassword]: bad authorize password crypto/bcrypt: hashedPassword is not the hash of the given password"}
{"level":"error","time":"2024-05-18T21:44:35+03:00","message":"BasicAuthMiddleware:error:[crypt.HashPassword]: bad authorize password crypto/bcrypt: hashedSecret too short to be a bcrypted password"}
{"level":"error","time":"2024-05-18T21:44:36+03:00","message":"BasicAuthMiddleware:error:[crypt.HashPassword]: bad authorize password crypto/bcrypt: hashedSecret too short to be a bcrypted password"}
{"level":"error","time":"2024-05-18T21:46:08+03:00","message":"BasicAuthMiddleware:error:[crypt.HashPassword]: bad authorize password crypto/bcrypt: hashedPassword is not the hash of the given password"}
{"level":"error","time":"2024-05-18T21:46:10+03:00","message":"BasicAuthMiddleware:error:[crypt.HashPassword]: bad authorize password crypto/bcrypt: hashedPassword is not the hash of the given password"}
{"level":"error","time":"2024-05-18T21:46:29+03:00","message":"BasicAuthMiddleware:error:[crypt.HashPassword]: bad authorize password crypto/bcrypt: hashedPassword is not the hash of the given password"}
{"level":"error","time":"2024-05-18T21:54:46+03:00","message":"BasicAuthMiddleware:error:[crypt.HashPassword]: bad authorize password crypto/bcrypt: hashedPassword is not the hash of the given password"}
{"level":"error","time":"2024-05-18T21:56:51+03:00","message":"BasicAuthMiddleware:error:[crypt.HashPassword]: bad authorize password"}
{"level":"error","time":"2024-05-18T21:57:42+03:00","message":"BasicAuthMiddleware:error:[crypt.HashPassword]: bad authorize password crypto/bcrypt: hashedPassword is not the hash of the given password"}
{"level":"error","time":"2024-05-18T21:57:51+03:00","message":"BasicAuthMiddleware:error:[crypt.HashPassword]: bad authorize password crypto/bcrypt: hashedPassword is not the hash of the given password"}
{"level":"error","time":"2024-05-18T21:57:54+03:00","message":"BasicAuthMiddleware:error:[GetValidCredentials]: can't get valid data no rows in result set"}
{"level":"error","time":"2024-05-18T21:57:57+03:00","message":"BasicAuthMiddleware:error:[crypt.HashPassword]: bad authorize password crypto/bcrypt: hashedPassword is not the hash of the given password"}
{"level":"error","time":"2024-05-18T22:01:51+03:00","message":"BasicAuthMiddleware:error:[crypt.HashPassword]: bad authorize password crypto/bcrypt: hashedPassword is not the hash of the given password"}
{"level":"error","time":"2024-05-18T22:02:15+03:00","message":"BasicAuthMiddleware:error:[crypt.HashPassword]: bad authorize password crypto/bcrypt: hashedPassword is not the hash of the given password"}
{"level":"error","time":"2024-05-18T22:03:34+03:00","message":"BasicAuthMiddleware:error:[crypt.HashPassword]: bad authorize password crypto/bcrypt: hashedPassword is not the hash of the given password"}
{"level":"error","time":"2024-05-18T22:06:51+03:00","message":"BasicAuthMiddleware:error:[crypt.HashPassword]: bad authorize password crypto/bcrypt: hashedPassword is not the hash of the given password"}
{"level":"error","time":"2024-05-18T22:07:05+03:00","message":"BasicAuthMiddleware:error:[crypt.HashPassword]: bad authorize password crypto/bcrypt: hashedPassword is not the hash of the given password"}
{"level":"error","time":"2024-05-18T22:07:07+03:00","message":"BasicAuthMiddleware:error:[crypt.HashPassword]: bad authorize password crypto/bcrypt: hashedPassword is not the hash of the given password"}
{"level":"error","time":"2024-05-18T22:07:35+03:00","message":"4bca6d2e-014a-4323-bac8-707e4b2e9ca1:error:[GetAllUnattachedProjects]"}
{"level":"error","time":"2024-05-18T22:10:19+03:00","message":"4bca6d2e-014a-4323-bac8-707e4b2e9ca1:error:[GetAllUnattachedProjects]"}
{"level":"error","time":"2024-05-18T22:14:10+03:00","message":"4bca6d2e-014a-4323-bac8-707e4b2e9ca1:error:[AttachAdmin]"}
{"level":"error","time":"2024-05-18T22:15:10+03:00","message":"4bca6d2e-014a-4323-bac8-707e4b2e9ca1:error:[GetAllAttachedProjects]"}
{"level":"error","time":"2024-05-18T22:16:23+03:00","message":"BasicAuthMiddleware:error:must authorized"}
{"level":"error","time":"2024-05-18T22:16:28+03:00","message":"4bca6d2e-014a-4323-bac8-707e4b2e9ca1:error:[GetCustomerEmail]"}
{"time":"2024-05-19T19:08:03+03:00","message":"00000000-0000-0000-0000-000000000000:success_request:successfuly signed up"}
{"time":"2024-05-19T19:08:08+03:00","message":"00000000-0000-0000-0000-000000000000:success_request:successfuly signed up"}
{"time":"2024-05-19T19:08:18+03:00","message":"00000000-0000-0000-0000-000000000000:success_request:successfuly signed up"}
{"time":"2024-05-19T19:08:19+03:00","message":"00000000-0000-0000-0000-000000000000:success_request:successfuly signed up"}
{"time":"2024-05-19T19:08:31+03:00","message":"00000000-0000-0000-0000-000000000000:success_request:successfuly signed up"}
{"time":"2024-05-19T19:08:32+03:00","message":"00000000-0000-0000-0000-000000000000:success_request:successfuly signed up"}
{"time":"2024-05-19T19:08:33+03:00","message":"00000000-0000-0000-0000-000000000000:success_request:successfuly signed up"}
{"time":"2024-05-19T19:08:37+03:00","message":"00000000-0000-0000-0000-000000000000:success_request:successfuly signed up"}
{"time":"2024-05-19T19:08:40+03:00","message":"00000000-0000-0000-0000-000000000000:success_request:successfuly signed up"}
{"time":"2024-05-19T19:08:41+03:00","message":"00000000-0000-0000-0000-000000000000:success_request:successfuly signed up"}
{"time":"2024-05-19T19:08:43+03:00","message":"00000000-0000-0000-0000-000000000000:success_request:successfuly signed up"}
{"time":"2024-05-19T19:09:30+03:00","message":"00000000-0000-0000-0000-000000000000:success_request:successfuly signed up"}
{"time":"2024-05-19T19:09:36+03:00","message":"00000000-0000-0000-0000-000000000000:success_request:successfuly signed up"}
{"time":"2024-05-19T23:35:00+03:00","message":"3ef873d6-c56a-4a5a-87d5-9ae2d2d01e7e:success_request:successfuly signed up"}
{"level":"error","time":"2024-05-19T23:38:53+03:00","message":"[Authentification]:error:[Login][repo.GetCustomerByCredentials]: [CompareHashAndPassword] mismatch hash and password crypto/bcrypt: hashedPassword is not the hash of the given password"}
{"time":"2024-05-19T23:38:56+03:00","message":"3ef873d6-c56a-4a5a-87d5-9ae2d2d01e7e:success_request:successfuly signed up"}
{"time":"2024-05-19T23:41:52+03:00","message":"3ef873d6-c56a-4a5a-87d5-9ae2d2d01e7e:success_request:successfuly signed up"}
{"time":"2024-05-19T23:42:04+03:00","message":"3ef873d6-c56a-4a5a-87d5-9ae2d2d01e7e:success_request:[CreateProject]"}
{"time":"2024-05-19T23:42:59+03:00","message":"3ef873d6-c56a-4a5a-87d5-9ae2d2d01e7e:success_request:[UploadFile]"}
{"level":"error","time":"2024-05-19T23:43:52+03:00","message":"3ef873d6-c56a-4a5a-87d5-9ae2d2d01e7e:error:[DownloadFile][repo.GetFileById]: [*pgxpool.Pool.QueryRow] Can't exec query: ERROR: invalid input syntax for type uuid: \"linear algebra.pdf\" (SQLSTATE 22P02)"}
{"level":"error","time":"2024-05-19T23:44:24+03:00","message":"3ef873d6-c56a-4a5a-87d5-9ae2d2d01e7e:error:[DownloadFile][repo.GetFileById]: [*pgxpool.Pool.QueryRow] Can't exec query: ERROR: invalid input syntax for type uuid: \"linear algebra.pdf\" (SQLSTATE 22P02)"}
{"level":"error","time":"2024-05-19T23:44:36+03:00","message":"3ef873d6-c56a-4a5a-87d5-9ae2d2d01e7e:error:[DownloadFile][repo.GetFileById]: [*pgxpool.Pool.QueryRow] Can't exec query: ERROR: invalid input syntax for type uuid: \"mkc-backend-db.png\" (SQLSTATE 22P02)"}
{"level":"error","time":"2024-05-19T23:45:06+03:00","message":"3ef873d6-c56a-4a5a-87d5-9ae2d2d01e7e:error:[DownloadFile][os.IsNotExist]: stat /home/vvjkee/Workspace/university/diplom/storage/8a9ca019-f0c1-4e98-8070-0741eb436ceb/linear algebra: no such file or directory"}
{"level":"error","time":"2024-05-19T23:45:20+03:00","message":"3ef873d6-c56a-4a5a-87d5-9ae2d2d01e7e:error:[DownloadFile][repo.GetFileById]: [*pgxpool.Pool.QueryRow] Can't exec query: ERROR: invalid input syntax for type uuid: \"linear algebra\" (SQLSTATE 22P02)"}
{"level":"error","time":"2024-05-19T23:47:53+03:00","message":"3ef873d6-c56a-4a5a-87d5-9ae2d2d01e7e:error:[DownloadFile][os.IsNotExist]: stat /home/vvjkee/Workspace/university/diplom/storage/8a9ca019-f0c1-4e98-8070-0741eb436ceb/linear algebra: no such file or directory"}
{"level":"error","time":"2024-05-19T23:48:32+03:00","message":"3ef873d6-c56a-4a5a-87d5-9ae2d2d01e7e:error:[DownloadFile][os.IsNotExist]: stat /home/vvjkee/Workspace/university/diplom/storage/8a9ca019-f0c1-4e98-8070-0741eb436ceb/linear algebra: no such file or directory"}
{"time":"2024-05-19T23:49:26+03:00","message":"3ef873d6-c56a-4a5a-87d5-9ae2d2d01e7e:success_request:successfuly signed up"}
{"time":"2024-05-20T17:04:07Z","message":"3ef873d6-c56a-4a5a-87d5-9ae2d2d01e7e:success_request:successfuly signed up"}
{"time":"2024-05-20T17:04:14Z","message":"3ef873d6-c56a-4a5a-87d5-9ae2d2d01e7e:success_request:[CreateProject]"}
{"level":"error","time":"2024-05-20T17:06:40Z","message":"3ef873d6-c56a-4a5a-87d5-9ae2d2d01e7e:error:[db.GetProjectById] [*pgxpool.Pool.QueryRow] Can't exec query: no rows in result set"}
{"level":"error","time":"2024-05-20T17:07:11Z","message":"3ef873d6-c56a-4a5a-87d5-9ae2d2d01e7e:error:[db.GetProjectById] [*pgxpool.Pool.QueryRow] Can't exec query: no rows in result set"}
{"time":"2024-05-20T17:07:25Z","message":"3ef873d6-c56a-4a5a-87d5-9ae2d2d01e7e:success_request:[AddParticipant]"}
{"time":"2024-05-20T17:07:51Z","message":"3ef873d6-c56a-4a5a-87d5-9ae2d2d01e7e:success_request:[CreateNote]"}
{"level":"error","time":"2024-05-20T18:22:21Z","message":"3ef873d6-c56a-4a5a-87d5-9ae2d2d01e7e:error:[CreateNote][repo.GetNoteByName]: such note title already exists in project"}
{"time":"2024-05-20T18:22:24Z","message":"3ef873d6-c56a-4a5a-87d5-9ae2d2d01e7e:success_request:[CreateNote]"}
{"time":"2024-05-20T18:26:32Z","message":"89db65d0-b022-4485-a2a6-f5aa7a6a3b42:success_request:[CreateProject]"}
{"time":"2024-05-20T18:26:58Z","message":"89db65d0-b022-4485-a2a6-f5aa7a6a3b42:success_request:[CreateNote]"}
{"time":"2024-05-20T18:27:44Z","message":"89db65d0-b022-4485-a2a6-f5aa7a6a3b42:success_request:[AddParticipant]"}
{"time":"2024-05-20T18:28:05Z","message":"89db65d0-b022-4485-a2a6-f5aa7a6a3b42:success_request:[CreateNote]"}
{"level":"error","time":"2024-05-20T18:29:45Z","message":"89db65d0-b022-4485-a2a6-f5aa7a6a3b42:error:[CreateNote][repo.GetNoteByName]: such note title already exists in project"}
{"time":"2024-05-20T18:29:47Z","message":"89db65d0-b022-4485-a2a6-f5aa7a6a3b42:success_request:[CreateNote]"}
