{"level":"error","time":"2024-05-16T19:10:00+03:00","message":"Error notifying upcoming deadlines: [pgxpool.Pool.Query] can't exec query: ERROR: relation \"notes\" does not exist (SQLSTATE 42P01)"}
{"level":"error","time":"2024-05-16T19:11:00+03:00","message":"Error notifying upcoming deadlines: [pgxpool.Pool.Query] can't exec query: ERROR: relation \"notes\" does not exist (SQLSTATE 42P01)"}
{"level":"error","time":"2024-05-16T19:12:00+03:00","message":"Error notifying upcoming deadlines: [pgxpool.Pool.Query] can't exec query: ERROR: relation \"notes\" does not exist (SQLSTATE 42P01)"}
{"level":"error","time":"2024-05-16T19:13:00+03:00","message":"Error notifying upcoming deadlines: [pgxpool.Pool.Query] can't exec query: ERROR: relation \"notes\" does not exist (SQLSTATE 42P01)"}
{"level":"error","time":"2024-05-16T19:34:00+03:00","message":"Error notifying upcoming deadlines: [sendEmailNotification]: 535 5.7.8 Username and Password not accepted. For more information, go to\n5.7.8  https://support.google.com/mail/?p=BadCredentials 2adb3069b0e04-521f38d368fsm3031719e87.151 - gsmtp"}
{"level":"error","time":"2024-05-16T19:35:00+03:00","message":"Error notifying upcoming deadlines: [sendEmailNotification]: 535 5.7.8 Username and Password not accepted. For more information, go to\n5.7.8  https://support.google.com/mail/?p=BadCredentials 2adb3069b0e04-521f38d8bafsm3011645e87.235 - gsmtp"}
{"level":"error","time":"2024-05-16T19:37:00+03:00","message":"Error notifying upcoming deadlines: [sendEmailNotification]: 535 5.7.8 Username and Password not accepted. For more information, go to\n5.7.8  https://support.google.com/mail/?p=BadCredentials 38308e7fff4ca-2e4d0bbc708sm24410961fa.5 - gsmtp"}
{"level":"error","time":"2024-05-16T19:38:00+03:00","message":"Error notifying upcoming deadlines: [sendEmailNotification]: 535 5.7.8 Username and Password not accepted. For more information, go to\n5.7.8  https://support.google.com/mail/?p=BadCredentials 2adb3069b0e04-521f35ad499sm3038287e87.20 - gsmtp"}
{"level":"error","time":"2024-05-16T19:39:00+03:00","message":"Error notifying upcoming deadlines: [sendEmailNotification]: 535 5.7.8 Username and Password not accepted. For more information, go to\n5.7.8  https://support.google.com/mail/?p=BadCredentials 2adb3069b0e04-521f38d3a78sm3038516e87.177 - gsmtp"}
{"level":"error","time":"2024-05-16T19:40:00+03:00","message":"Error notifying upcoming deadlines: [sendEmailNotification]: 535 5.7.8 Username and Password not accepted. For more information, go to\n5.7.8  https://support.google.com/mail/?p=BadCredentials 2adb3069b0e04-521f38d338bsm3036838e87.166 - gsmtp"}
{"level":"error","time":"2024-05-16T19:43:00+03:00","message":"Error notifying upcoming deadlines: [sendEmailNotification]: 535 5.7.8 Username and Password not accepted. For more information, go to\n5.7.8  https://support.google.com/mail/?p=BadCredentials 38308e7fff4ca-2e4d151566fsm23855791fa.91 - gsmtp"}
{"level":"error","time":"2024-05-16T19:46:00+03:00","message":"Error notifying upcoming deadlines: [sendEmailNotification]: 535 5.7.8 Username and Password not accepted. For more information, go to\n5.7.8  https://support.google.com/mail/?p=BadCredentials 38308e7fff4ca-2e4d1515580sm23788831fa.79 - gsmtp"}
{"level":"error","time":"2024-05-16T19:47:00+03:00","message":"Error notifying upcoming deadlines: [sendEmailNotification]: 535 5.7.8 Username and Password not accepted. For more information, go to\n5.7.8  https://support.google.com/mail/?p=BadCredentials 2adb3069b0e04-521f39dcb4bsm3123777e87.308 - gsmtp"}
{"level":"error","time":"2024-05-16T19:48:00+03:00","message":"Error notifying upcoming deadlines: [sendEmailNotification]: 535 5.7.8 Username and Password not accepted. For more information, go to\n5.7.8  https://support.google.com/mail/?p=BadCredentials 38308e7fff4ca-2e4d0ce387csm25164891fa.49 - gsmtp"}
{"level":"error","time":"2024-05-16T19:53:00+03:00","message":"Error notifying upcoming deadlines: [sendEmailNotification]: 535 Authentication failed"}
{"level":"error","time":"2024-05-16T19:58:01+03:00","message":"Error notifying upcoming deadlines: [sendEmailNotification]: 535 Authentication failed"}
{"level":"error","time":"2024-05-16T19:59:01+03:00","message":"Error notifying upcoming deadlines: [sendEmailNotification]: 535 Authentication failed"}
{"level":"error","time":"2024-05-16T20:00:01+03:00","message":"Error notifying upcoming deadlines: [sendEmailNotification]: 535 Authentication failed"}
{"level":"error","time":"2024-05-16T20:00:01+03:00","message":"Error notifying upcoming deadlines: [sendEmailNotification]: 535 Authentication failed"}
{"level":"error","time":"2024-05-16T20:01:01+03:00","message":"Error notifying upcoming deadlines: [sendEmailNotification]: 535 Authentication failed"}
{"level":"error","time":"2024-05-16T20:02:01+03:00","message":"Error notifying upcoming deadlines: [sendEmailNotification]: 535 Authentication failed"}
{"level":"error","time":"2024-05-16T20:05:01+03:00","message":"Error notifying upcoming deadlines: [sendEmailNotification]: 535 5.7.0 Invalid credentials"}
{"level":"error","time":"2024-05-16T20:07:01+03:00","message":"Error notifying upcoming deadlines: [sendEmailNotification]: 535 5.7.0 Invalid credentials"}
{"level":"error","time":"2024-05-16T20:17:10+03:00","message":"Error notifying upcoming deadlines: [sendEmailNotification]: EOF"}
{"time":"2024-05-16T20:55:01+03:00","message":"message sent"}
{"time":"2024-05-16T21:00:00+03:00","message":"message sent"}
{"time":"2024-05-16T21:00:00+03:00","message":"message sent"}
{"time":"2024-05-16T21:05:00+03:00","message":"message sent"}
{"time":"2024-05-16T21:10:00+03:00","message":"message sent"}
{"time":"2024-05-16T21:15:00+03:00","message":"message sent"}
{"time":"2024-05-16T21:20:00+03:00","message":"message sent"}
{"time":"2024-05-16T21:25:00+03:00","message":"message sent"}
{"time":"2024-05-20T18:20:00Z","message":"[5min]messages sent"}
{"time":"2024-05-20T18:21:00Z","message":"[5min]messages sent"}
{"time":"2024-05-20T18:22:00Z","message":"[5min]messages sent"}
{"level":"error","time":"2024-05-20T18:23:00Z","message":"Error notifying upcoming deadlines: [sendEmailNotification]: 553 5.1.3 The recipient address <fdsljkjfkljdshfklsdhjkhjfdskfhj> is not a valid\n5.1.3 RFC 5321 address. For more information, go to\n5.1.3  https://support.google.com/a/answer/3221692 and review RFC 5321\n5.1.3 specifications. 2adb3069b0e04-521f39d2d1dsm4408368e87.281 - gsmtp"}
{"time":"2024-05-20T18:23:00Z","message":"[5min]messages sent"}
{"time":"2024-05-20T18:24:00Z","message":"[5min]messages sent"}
{"time":"2024-05-20T18:25:00Z","message":"[5min]messages sent"}
{"time":"2024-05-20T18:26:00Z","message":"[5min]messages sent"}
{"time":"2024-05-20T18:27:01Z","message":"[5min]messages sent"}
{"time":"2024-05-20T18:28:00Z","message":"[5min]messages sent"}
{"time":"2024-05-20T18:29:00Z","message":"[5min]messages sent"}
{"time":"2024-05-20T18:30:00Z","message":"[5min]messages sent"}
{"time":"2024-05-20T18:31:00Z","message":"[5min]messages sent"}
{"time":"2024-05-20T18:32:00Z","message":"[5min]messages sent"}
{"time":"2024-05-20T21:36:00+03:00","message":"[1min]messages sent"}
{"time":"2024-05-20T21:56:00+03:00","message":"[1min]messages sent"}
{"time":"2024-05-20T21:57:00+03:00","message":"[1min]messages sent"}
{"time":"2024-05-20T21:58:00+03:00","message":"[1min]messages sent"}
{"time":"2024-05-20T21:59:00+03:00","message":"[1min]messages sent"}
{"time":"2024-05-20T22:00:00+03:00","message":"[hourly]messages sent"}
{"time":"2024-05-20T22:00:00+03:00","message":"[1min]messages sent"}
{"time":"2024-05-20T22:01:00+03:00","message":"[1min]messages sent"}
{"time":"2024-05-20T22:02:00+03:00","message":"[1min]messages sent"}
{"time":"2024-05-20T22:03:00+03:00","message":"[1min]messages sent"}
{"time":"2024-05-20T22:04:00+03:00","message":"[1min]messages sent"}
{"time":"2024-05-20T22:05:00+03:00","message":"[1min]messages sent"}
{"time":"2024-05-20T22:06:00+03:00","message":"[1min]messages sent"}
{"time":"2024-05-20T22:07:00+03:00","message":"[1min]messages sent"}
{"time":"2024-05-20T22:08:00+03:00","message":"[1min]messages sent"}
{"time":"2024-05-20T22:09:00+03:00","message":"[1min]messages sent"}
{"time":"2024-05-20T22:10:00+03:00","message":"[1min]messages sent"}
{"time":"2024-05-20T22:11:00+03:00","message":"[1min]messages sent"}
{"time":"2024-05-20T22:12:00+03:00","message":"[1min]messages sent"}
{"time":"2024-05-20T22:13:00+03:00","message":"[1min]messages sent"}
{"time":"2024-05-20T22:14:00+03:00","message":"[1min]messages sent"}
{"time":"2024-05-20T22:15:00+03:00","message":"[1min]messages sent"}
{"time":"2024-05-20T22:16:00+03:00","message":"[1min]messages sent"}
{"time":"2024-05-20T22:17:00+03:00","message":"[1min]messages sent"}
{"time":"2024-05-20T22:18:00+03:00","message":"[1min]messages sent"}
{"time":"2024-05-20T22:19:00+03:00","message":"[1min]messages sent"}
{"time":"2024-05-20T22:20:00+03:00","message":"[1min]messages sent"}
{"time":"2024-05-20T22:21:00+03:00","message":"[1min]messages sent"}
{"time":"2024-05-20T22:22:00+03:00","message":"[1min]messages sent"}
{"time":"2024-05-20T22:23:00+03:00","message":"[1min]messages sent"}
{"time":"2024-05-20T22:24:00+03:00","message":"[1min]messages sent"}
{"time":"2024-05-20T22:25:00+03:00","message":"[1min]messages sent"}
{"time":"2024-05-20T22:26:00+03:00","message":"[1min]messages sent"}
{"time":"2024-05-20T22:27:00+03:00","message":"[1min]messages sent"}
{"time":"2024-05-20T22:28:00+03:00","message":"[1min]messages sent"}
{"time":"2024-05-20T22:29:00+03:00","message":"[1min]messages sent"}
{"time":"2024-05-20T22:30:00+03:00","message":"[1min]messages sent"}
{"time":"2024-05-20T22:31:00+03:00","message":"[1min]messages sent"}
{"time":"2024-05-20T22:32:00+03:00","message":"[1min]messages sent"}
{"time":"2024-05-20T22:33:00+03:00","message":"[1min]messages sent"}
{"time":"2024-05-20T22:34:00+03:00","message":"[1min]messages sent"}
{"time":"2024-05-20T22:35:00+03:00","message":"[1min]messages sent"}
{"time":"2024-05-20T22:36:00+03:00","message":"[1min]messages sent"}
{"time":"2024-05-20T22:37:00+03:00","message":"[1min]messages sent"}
{"time":"2024-05-20T22:38:00+03:00","message":"[1min]messages sent"}
{"time":"2024-05-20T22:39:00+03:00","message":"[1min]messages sent"}
{"time":"2024-05-20T22:40:00+03:00","message":"[1min]messages sent"}
{"time":"2024-05-20T22:41:00+03:00","message":"[1min]messages sent"}
{"time":"2024-05-20T22:42:00+03:00","message":"[1min]messages sent"}
{"time":"2024-05-20T22:43:00+03:00","message":"[1min]messages sent"}
{"time":"2024-05-20T22:44:00+03:00","message":"[1min]messages sent"}
{"time":"2024-05-20T22:45:00+03:00","message":"[1min]messages sent"}
{"time":"2024-05-20T22:46:00+03:00","message":"[1min]messages sent"}
{"time":"2024-05-20T22:47:00+03:00","message":"[1min]messages sent"}
{"time":"2024-05-20T22:48:00+03:00","message":"[1min]messages sent"}
{"time":"2024-05-20T22:49:00+03:00","message":"[1min]messages sent"}
{"time":"2024-05-20T22:50:00+03:00","message":"[1min]messages sent"}
{"time":"2024-05-20T22:51:00+03:00","message":"[1min]messages sent"}
{"time":"2024-05-20T22:52:00+03:00","message":"[1min]messages sent"}
{"time":"2024-05-20T22:53:00+03:00","message":"[1min]messages sent"}
{"time":"2024-05-20T22:54:00+03:00","message":"[1min]messages sent"}
{"time":"2024-05-20T22:55:00+03:00","message":"[1min]messages sent"}
{"time":"2024-05-20T22:56:00+03:00","message":"[1min]messages sent"}
{"time":"2024-05-20T22:57:00+03:00","message":"[1min]messages sent"}
{"time":"2024-05-20T22:58:00+03:00","message":"[1min]messages sent"}
{"time":"2024-05-20T22:59:00+03:00","message":"[1min]messages sent"}
{"time":"2024-05-20T23:00:00+03:00","message":"[hourly]messages sent"}
{"time":"2024-05-20T23:00:00+03:00","message":"[1min]messages sent"}
{"time":"2024-05-20T23:01:00+03:00","message":"[1min]messages sent"}
{"time":"2024-05-20T23:02:00+03:00","message":"[1min]messages sent"}
{"time":"2024-05-20T23:03:00+03:00","message":"[1min]messages sent"}
{"time":"2024-05-20T23:04:00+03:00","message":"[1min]messages sent"}
{"time":"2024-05-20T23:05:00+03:00","message":"[1min]messages sent"}
{"time":"2024-05-20T23:06:00+03:00","message":"[1min]messages sent"}
{"time":"2024-05-20T23:07:00+03:00","message":"[1min]messages sent"}
{"time":"2024-05-20T23:08:00+03:00","message":"[1min]messages sent"}
{"time":"2024-05-20T23:09:00+03:00","message":"[1min]messages sent"}
{"time":"2024-05-20T23:10:00+03:00","message":"[1min]messages sent"}
{"time":"2024-05-20T23:11:00+03:00","message":"[1min]messages sent"}
{"time":"2024-05-20T23:12:00+03:00","message":"[1min]messages sent"}
{"time":"2024-05-20T23:13:00+03:00","message":"[1min]messages sent"}
{"time":"2024-05-20T23:14:00+03:00","message":"[1min]messages sent"}
{"time":"2024-05-20T23:15:00+03:00","message":"[1min]messages sent"}
{"time":"2024-05-20T23:16:00+03:00","message":"[1min]messages sent"}
{"time":"2024-05-20T23:17:00+03:00","message":"[1min]messages sent"}
{"time":"2024-05-20T23:18:00+03:00","message":"[1min]messages sent"}
{"time":"2024-05-20T23:19:00+03:00","message":"[1min]messages sent"}
{"time":"2024-05-20T23:20:00+03:00","message":"[1min]messages sent"}
{"time":"2024-05-20T23:21:00+03:00","message":"[1min]messages sent"}
{"time":"2024-05-20T23:22:00+03:00","message":"[1min]messages sent"}
{"time":"2024-05-20T23:23:00+03:00","message":"[1min]messages sent"}
{"time":"2024-05-20T23:24:00+03:00","message":"[1min]messages sent"}
{"time":"2024-05-20T23:25:00+03:00","message":"[1min]messages sent"}
{"time":"2024-05-20T23:26:00+03:00","message":"[1min]messages sent"}
{"time":"2024-05-20T23:27:00+03:00","message":"[1min]messages sent"}
{"time":"2024-05-20T23:28:00+03:00","message":"[1min]messages sent"}
{"time":"2024-05-20T23:29:00+03:00","message":"[1min]messages sent"}
{"time":"2024-05-20T23:30:00+03:00","message":"[1min]messages sent"}
{"time":"2024-05-20T23:31:00+03:00","message":"[1min]messages sent"}
{"time":"2024-05-20T23:32:00+03:00","message":"[1min]messages sent"}
{"time":"2024-05-20T23:33:00+03:00","message":"[1min]messages sent"}
{"time":"2024-05-20T23:34:00+03:00","message":"[1min]messages sent"}
{"time":"2024-05-20T23:35:00+03:00","message":"[1min]messages sent"}
{"time":"2024-05-20T23:36:00+03:00","message":"[1min]messages sent"}
{"time":"2024-05-20T23:37:00+03:00","message":"[1min]messages sent"}
{"time":"2024-05-20T23:38:00+03:00","message":"[1min]messages sent"}
{"time":"2024-05-20T23:39:00+03:00","message":"[1min]messages sent"}
{"time":"2024-05-20T23:40:00+03:00","message":"[1min]messages sent"}
{"time":"2024-05-20T23:41:00+03:00","message":"[1min]messages sent"}
{"time":"2024-05-20T23:42:00+03:00","message":"[1min]messages sent"}
{"time":"2024-05-20T23:43:00+03:00","message":"[1min]messages sent"}
{"time":"2024-05-20T23:44:00+03:00","message":"[1min]messages sent"}
{"time":"2024-05-20T23:45:00+03:00","message":"[1min]messages sent"}
{"time":"2024-05-20T23:46:00+03:00","message":"[1min]messages sent"}
{"time":"2024-05-20T23:47:00+03:00","message":"[1min]messages sent"}
{"time":"2024-05-20T23:48:00+03:00","message":"[1min]messages sent"}
{"time":"2024-05-20T23:49:00+03:00","message":"[1min]messages sent"}
{"time":"2024-05-20T23:50:00+03:00","message":"[1min]messages sent"}
{"time":"2024-05-20T23:51:00+03:00","message":"[1min]messages sent"}
{"time":"2024-05-20T23:52:00+03:00","message":"[1min]messages sent"}
{"time":"2024-05-20T23:53:00+03:00","message":"[1min]messages sent"}
{"time":"2024-05-20T23:54:00+03:00","message":"[1min]messages sent"}
{"time":"2024-05-20T23:55:00+03:00","message":"[1min]messages sent"}
{"time":"2024-05-20T23:56:00+03:00","message":"[1min]messages sent"}
{"time":"2024-05-20T23:57:00+03:00","message":"[1min]messages sent"}
{"time":"2024-05-20T23:58:00+03:00","message":"[1min]messages sent"}
{"time":"2024-05-20T23:59:00+03:00","message":"[1min]messages sent"}
{"time":"2024-05-21T00:00:00+03:00","message":"[daily]messages sent"}
{"time":"2024-05-21T00:00:00+03:00","message":"[1min]messages sent"}
{"time":"2024-05-21T00:00:00+03:00","message":"[hourly]messages sent"}
{"time":"2024-05-21T00:01:00+03:00","message":"[1min]messages sent"}
{"time":"2024-05-21T00:02:00+03:00","message":"[1min]messages sent"}
{"time":"2024-05-21T00:03:00+03:00","message":"[1min]messages sent"}
{"time":"2024-05-21T00:04:00+03:00","message":"[1min]messages sent"}
{"time":"2024-05-21T00:05:00+03:00","message":"[1min]messages sent"}
{"time":"2024-05-21T00:06:00+03:00","message":"[1min]messages sent"}
{"time":"2024-05-21T00:07:00+03:00","message":"[1min]messages sent"}
{"time":"2024-05-21T00:08:00+03:00","message":"[1min]messages sent"}
{"time":"2024-05-21T00:09:00+03:00","message":"[1min]messages sent"}
{"time":"2024-05-21T00:10:00+03:00","message":"[1min]messages sent"}
{"time":"2024-05-21T00:11:00+03:00","message":"[1min]messages sent"}
{"time":"2024-05-21T00:12:00+03:00","message":"[1min]messages sent"}
{"time":"2024-05-21T00:13:00+03:00","message":"[1min]messages sent"}
{"time":"2024-05-21T00:14:00+03:00","message":"[1min]messages sent"}
{"time":"2024-05-21T00:15:00+03:00","message":"[1min]messages sent"}
{"time":"2024-05-21T00:16:00+03:00","message":"[1min]messages sent"}
{"time":"2024-05-21T00:17:00+03:00","message":"[1min]messages sent"}
{"time":"2024-05-21T00:18:00+03:00","message":"[1min]messages sent"}
{"time":"2024-05-21T00:19:00+03:00","message":"[1min]messages sent"}
{"time":"2024-05-21T00:20:00+03:00","message":"[1min]messages sent"}
{"time":"2024-05-21T00:21:00+03:00","message":"[1min]messages sent"}
{"time":"2024-05-21T00:22:00+03:00","message":"[1min]messages sent"}
{"time":"2024-05-21T00:23:00+03:00","message":"[1min]messages sent"}
{"time":"2024-05-21T00:24:00+03:00","message":"[1min]messages sent"}
{"time":"2024-05-21T00:25:00+03:00","message":"[1min]messages sent"}
{"time":"2024-05-21T00:26:00+03:00","message":"[1min]messages sent"}
{"time":"2024-05-21T00:27:00+03:00","message":"[1min]messages sent"}
{"time":"2024-05-21T00:28:00+03:00","message":"[1min]messages sent"}
{"time":"2024-05-21T00:29:00+03:00","message":"[1min]messages sent"}
{"time":"2024-05-21T00:30:00+03:00","message":"[1min]messages sent"}
{"time":"2024-05-21T00:31:00+03:00","message":"[1min]messages sent"}
{"time":"2024-05-21T00:32:00+03:00","message":"[1min]messages sent"}
{"time":"2024-05-21T00:33:00+03:00","message":"[1min]messages sent"}
{"time":"2024-05-21T00:34:00+03:00","message":"[1min]messages sent"}
{"time":"2024-05-21T00:35:00+03:00","message":"[1min]messages sent"}
{"time":"2024-05-21T00:36:00+03:00","message":"[1min]messages sent"}
{"time":"2024-05-21T00:37:00+03:00","message":"[1min]messages sent"}
{"time":"2024-05-21T00:38:00+03:00","message":"[1min]messages sent"}
{"time":"2024-05-21T00:39:00+03:00","message":"[1min]messages sent"}
{"time":"2024-05-21T00:40:00+03:00","message":"[1min]messages sent"}
{"time":"2024-05-21T00:41:00+03:00","message":"[1min]messages sent"}
{"time":"2024-05-21T00:42:00+03:00","message":"[1min]messages sent"}
{"time":"2024-05-21T00:43:00+03:00","message":"[1min]messages sent"}
{"time":"2024-05-21T00:44:00+03:00","message":"[1min]messages sent"}
{"time":"2024-05-21T00:45:00+03:00","message":"[1min]messages sent"}
{"time":"2024-05-21T00:46:00+03:00","message":"[1min]messages sent"}
{"time":"2024-05-21T00:47:00+03:00","message":"[1min]messages sent"}
{"time":"2024-05-21T00:48:00+03:00","message":"[1min]messages sent"}
{"time":"2024-05-21T00:49:00+03:00","message":"[1min]messages sent"}
{"time":"2024-05-21T00:50:00+03:00","message":"[1min]messages sent"}
{"time":"2024-05-21T00:51:00+03:00","message":"[1min]messages sent"}
{"time":"2024-05-21T00:52:00+03:00","message":"[1min]messages sent"}
{"time":"2024-05-21T00:53:00+03:00","message":"[1min]messages sent"}
{"time":"2024-05-21T00:54:00+03:00","message":"[1min]messages sent"}
{"time":"2024-05-21T00:55:00+03:00","message":"[1min]messages sent"}
{"time":"2024-05-21T00:56:00+03:00","message":"[1min]messages sent"}
{"time":"2024-05-21T00:57:00+03:00","message":"[1min]messages sent"}
{"time":"2024-05-21T00:58:00+03:00","message":"[1min]messages sent"}
{"time":"2024-05-21T00:59:00+03:00","message":"[1min]messages sent"}
{"time":"2024-05-21T01:00:00+03:00","message":"[1min]messages sent"}
{"time":"2024-05-21T01:00:00+03:00","message":"[hourly]messages sent"}
{"time":"2024-05-21T01:01:00+03:00","message":"[1min]messages sent"}
{"time":"2024-05-21T01:02:00+03:00","message":"[1min]messages sent"}
{"time":"2024-05-21T01:03:00+03:00","message":"[1min]messages sent"}
{"time":"2024-05-21T01:04:00+03:00","message":"[1min]messages sent"}
{"time":"2024-05-21T01:05:00+03:00","message":"[1min]messages sent"}
{"time":"2024-05-21T01:06:00+03:00","message":"[1min]messages sent"}
{"time":"2024-05-21T01:07:00+03:00","message":"[1min]messages sent"}
{"time":"2024-05-21T01:08:00+03:00","message":"[1min]messages sent"}
{"time":"2024-05-21T01:09:00+03:00","message":"[1min]messages sent"}
{"time":"2024-05-21T01:10:00+03:00","message":"[1min]messages sent"}
{"time":"2024-05-21T01:11:00+03:00","message":"[1min]messages sent"}
{"time":"2024-05-21T01:12:00+03:00","message":"[1min]messages sent"}
{"time":"2024-05-21T01:13:00+03:00","message":"[1min]messages sent"}
{"time":"2024-05-21T01:14:00+03:00","message":"[1min]messages sent"}
{"time":"2024-05-21T01:15:00+03:00","message":"[1min]messages sent"}
{"time":"2024-05-21T01:16:00+03:00","message":"[1min]messages sent"}
{"time":"2024-05-21T01:17:00+03:00","message":"[1min]messages sent"}
{"time":"2024-05-21T01:18:00+03:00","message":"[1min]messages sent"}
{"time":"2024-05-21T01:19:00+03:00","message":"[1min]messages sent"}
{"time":"2024-05-21T01:20:00+03:00","message":"[1min]messages sent"}
{"time":"2024-05-21T01:21:00+03:00","message":"[1min]messages sent"}
{"time":"2024-05-21T01:22:00+03:00","message":"[1min]messages sent"}
{"time":"2024-05-21T01:23:00+03:00","message":"[1min]messages sent"}
{"time":"2024-05-21T01:24:00+03:00","message":"[1min]messages sent"}
{"time":"2024-05-21T01:25:00+03:00","message":"[1min]messages sent"}
{"time":"2024-05-21T01:26:00+03:00","message":"[1min]messages sent"}
{"time":"2024-05-21T01:27:00+03:00","message":"[1min]messages sent"}
{"time":"2024-05-21T01:28:00+03:00","message":"[1min]messages sent"}
{"time":"2024-05-21T01:29:00+03:00","message":"[1min]messages sent"}
{"time":"2024-05-21T01:30:00+03:00","message":"[1min]messages sent"}
{"time":"2024-05-21T01:31:00+03:00","message":"[1min]messages sent"}
{"time":"2024-05-21T01:32:00+03:00","message":"[1min]messages sent"}
{"time":"2024-05-21T01:33:00+03:00","message":"[1min]messages sent"}
{"time":"2024-05-21T01:34:00+03:00","message":"[1min]messages sent"}
{"time":"2024-05-21T01:35:00+03:00","message":"[1min]messages sent"}
{"time":"2024-05-21T01:36:00+03:00","message":"[1min]messages sent"}
{"time":"2024-05-21T01:37:00+03:00","message":"[1min]messages sent"}
{"time":"2024-05-21T01:38:00+03:00","message":"[1min]messages sent"}
{"time":"2024-05-21T01:39:00+03:00","message":"[1min]messages sent"}
{"time":"2024-05-21T01:40:00+03:00","message":"[1min]messages sent"}
{"time":"2024-05-21T01:41:00+03:00","message":"[1min]messages sent"}
{"time":"2024-05-21T01:42:00+03:00","message":"[1min]messages sent"}
{"time":"2024-05-21T01:43:00+03:00","message":"[1min]messages sent"}
{"time":"2024-05-21T01:44:00+03:00","message":"[1min]messages sent"}
{"time":"2024-05-21T01:45:00+03:00","message":"[1min]messages sent"}
{"time":"2024-05-21T01:46:00+03:00","message":"[1min]messages sent"}
{"time":"2024-05-21T01:47:00+03:00","message":"[1min]messages sent"}
{"time":"2024-05-21T01:48:00+03:00","message":"[1min]messages sent"}
{"time":"2024-05-21T01:49:00+03:00","message":"[1min]messages sent"}
{"time":"2024-05-21T01:50:00+03:00","message":"[1min]messages sent"}
{"time":"2024-05-21T01:51:00+03:00","message":"[1min]messages sent"}
{"time":"2024-05-21T01:52:00+03:00","message":"[1min]messages sent"}
{"time":"2024-05-21T01:53:00+03:00","message":"[1min]messages sent"}
{"time":"2024-05-21T01:54:00+03:00","message":"[1min]messages sent"}
{"time":"2024-05-21T01:55:00+03:00","message":"[1min]messages sent"}
{"time":"2024-05-21T01:56:00+03:00","message":"[1min]messages sent"}
{"time":"2024-05-21T01:57:00+03:00","message":"[1min]messages sent"}
{"time":"2024-05-21T01:58:00+03:00","message":"[1min]messages sent"}
{"time":"2024-05-21T01:59:00+03:00","message":"[1min]messages sent"}
{"time":"2024-05-21T02:00:00+03:00","message":"[hourly]messages sent"}
{"time":"2024-05-21T02:00:00+03:00","message":"[1min]messages sent"}
{"time":"2024-05-21T02:01:00+03:00","message":"[1min]messages sent"}
{"time":"2024-05-21T02:02:00+03:00","message":"[1min]messages sent"}
{"time":"2024-05-21T02:03:00+03:00","message":"[1min]messages sent"}
{"time":"2024-05-21T02:04:00+03:00","message":"[1min]messages sent"}
{"time":"2024-05-21T02:05:00+03:00","message":"[1min]messages sent"}
{"time":"2024-05-21T02:06:00+03:00","message":"[1min]messages sent"}
{"time":"2024-05-21T02:07:00+03:00","message":"[1min]messages sent"}
{"time":"2024-05-21T02:08:00+03:00","message":"[1min]messages sent"}
{"time":"2024-05-21T02:09:00+03:00","message":"[1min]messages sent"}
{"time":"2024-05-21T02:10:00+03:00","message":"[1min]messages sent"}
{"time":"2024-05-21T02:11:00+03:00","message":"[1min]messages sent"}
{"time":"2024-05-21T02:12:00+03:00","message":"[1min]messages sent"}
{"time":"2024-05-21T02:13:00+03:00","message":"[1min]messages sent"}
{"time":"2024-05-21T02:14:00+03:00","message":"[1min]messages sent"}
{"time":"2024-05-21T02:15:00+03:00","message":"[1min]messages sent"}
{"time":"2024-05-21T02:16:00+03:00","message":"[1min]messages sent"}
{"time":"2024-05-21T02:17:00+03:00","message":"[1min]messages sent"}
{"time":"2024-05-21T02:18:00+03:00","message":"[1min]messages sent"}
{"time":"2024-05-21T02:19:00+03:00","message":"[1min]messages sent"}
{"time":"2024-05-21T02:20:00+03:00","message":"[1min]messages sent"}
{"time":"2024-05-21T02:21:00+03:00","message":"[1min]messages sent"}
{"time":"2024-05-21T02:22:00+03:00","message":"[1min]messages sent"}
{"time":"2024-05-21T02:23:00+03:00","message":"[1min]messages sent"}
{"time":"2024-05-21T02:24:00+03:00","message":"[1min]messages sent"}
{"time":"2024-05-21T02:25:00+03:00","message":"[1min]messages sent"}
{"time":"2024-05-21T02:26:00+03:00","message":"[1min]messages sent"}
{"time":"2024-05-21T02:27:00+03:00","message":"[1min]messages sent"}
{"time":"2024-05-21T02:28:00+03:00","message":"[1min]messages sent"}
{"time":"2024-05-21T02:29:00+03:00","message":"[1min]messages sent"}
{"time":"2024-05-21T02:30:00+03:00","message":"[1min]messages sent"}
{"time":"2024-05-21T02:31:00+03:00","message":"[1min]messages sent"}
{"time":"2024-05-21T02:32:00+03:00","message":"[1min]messages sent"}
{"time":"2024-05-21T02:33:00+03:00","message":"[1min]messages sent"}
{"time":"2024-05-21T02:34:00+03:00","message":"[1min]messages sent"}
{"time":"2024-05-21T02:35:00+03:00","message":"[1min]messages sent"}
{"time":"2024-05-21T02:36:00+03:00","message":"[1min]messages sent"}
{"time":"2024-05-21T02:37:00+03:00","message":"[1min]messages sent"}
{"time":"2024-05-21T02:38:00+03:00","message":"[1min]messages sent"}
{"time":"2024-05-21T02:39:00+03:00","message":"[1min]messages sent"}
{"time":"2024-05-21T02:40:00+03:00","message":"[1min]messages sent"}
{"time":"2024-05-21T02:41:00+03:00","message":"[1min]messages sent"}
{"time":"2024-05-21T02:42:00+03:00","message":"[1min]messages sent"}
{"time":"2024-05-21T02:43:00+03:00","message":"[1min]messages sent"}
{"time":"2024-05-21T02:44:00+03:00","message":"[1min]messages sent"}
{"time":"2024-05-21T02:45:00+03:00","message":"[1min]messages sent"}
{"time":"2024-05-21T02:46:00+03:00","message":"[1min]messages sent"}
{"time":"2024-05-21T02:47:00+03:00","message":"[1min]messages sent"}
{"time":"2024-05-21T02:48:00+03:00","message":"[1min]messages sent"}
{"time":"2024-05-21T02:49:00+03:00","message":"[1min]messages sent"}
{"time":"2024-05-21T02:50:00+03:00","message":"[1min]messages sent"}
{"time":"2024-05-21T02:51:00+03:00","message":"[1min]messages sent"}
{"time":"2024-05-21T02:52:00+03:00","message":"[1min]messages sent"}
{"time":"2024-05-21T02:53:00+03:00","message":"[1min]messages sent"}
{"time":"2024-05-21T02:54:00+03:00","message":"[1min]messages sent"}
{"time":"2024-05-21T02:55:00+03:00","message":"[1min]messages sent"}
{"time":"2024-05-21T02:56:00+03:00","message":"[1min]messages sent"}
{"time":"2024-05-21T02:57:00+03:00","message":"[1min]messages sent"}
{"time":"2024-05-21T02:58:00+03:00","message":"[1min]messages sent"}
{"time":"2024-05-21T02:59:00+03:00","message":"[1min]messages sent"}
{"time":"2024-05-21T03:00:00+03:00","message":"[hourly]messages sent"}
{"time":"2024-05-21T03:00:00+03:00","message":"[1min]messages sent"}
{"time":"2024-05-21T03:01:00+03:00","message":"[1min]messages sent"}
{"time":"2024-05-21T03:02:00+03:00","message":"[1min]messages sent"}
{"time":"2024-05-21T03:03:00+03:00","message":"[1min]messages sent"}
{"time":"2024-05-21T03:04:00+03:00","message":"[1min]messages sent"}
{"time":"2024-05-21T03:05:00+03:00","message":"[1min]messages sent"}
{"time":"2024-05-21T03:06:00+03:00","message":"[1min]messages sent"}
{"time":"2024-05-21T03:07:00+03:00","message":"[1min]messages sent"}
{"time":"2024-05-21T03:08:00+03:00","message":"[1min]messages sent"}
{"time":"2024-05-21T03:09:00+03:00","message":"[1min]messages sent"}
{"time":"2024-05-21T03:10:00+03:00","message":"[1min]messages sent"}
{"time":"2024-05-21T03:11:00+03:00","message":"[1min]messages sent"}
{"time":"2024-05-21T03:12:00+03:00","message":"[1min]messages sent"}
{"time":"2024-05-21T03:13:00+03:00","message":"[1min]messages sent"}
{"time":"2024-05-21T03:14:00+03:00","message":"[1min]messages sent"}
{"time":"2024-05-21T03:15:00+03:00","message":"[1min]messages sent"}
{"time":"2024-05-21T03:16:00+03:00","message":"[1min]messages sent"}
{"time":"2024-05-21T03:17:00+03:00","message":"[1min]messages sent"}
{"time":"2024-05-21T03:18:00+03:00","message":"[1min]messages sent"}
{"time":"2024-05-21T03:19:00+03:00","message":"[1min]messages sent"}
{"time":"2024-05-21T03:20:00+03:00","message":"[1min]messages sent"}
{"time":"2024-05-21T03:21:00+03:00","message":"[1min]messages sent"}
{"time":"2024-05-21T03:22:00+03:00","message":"[1min]messages sent"}
{"time":"2024-05-21T03:23:00+03:00","message":"[1min]messages sent"}
{"time":"2024-05-21T03:24:00+03:00","message":"[1min]messages sent"}
{"time":"2024-05-21T03:25:00+03:00","message":"[1min]messages sent"}
{"time":"2024-05-21T03:26:00+03:00","message":"[1min]messages sent"}
{"time":"2024-05-21T03:27:00+03:00","message":"[1min]messages sent"}
{"time":"2024-05-21T03:28:00+03:00","message":"[1min]messages sent"}
{"time":"2024-05-21T03:29:00+03:00","message":"[1min]messages sent"}
{"time":"2024-05-21T03:30:00+03:00","message":"[1min]messages sent"}
{"time":"2024-05-21T03:31:00+03:00","message":"[1min]messages sent"}
{"time":"2024-05-21T03:32:00+03:00","message":"[1min]messages sent"}
{"time":"2024-05-21T03:33:00+03:00","message":"[1min]messages sent"}
{"time":"2024-05-21T03:34:00+03:00","message":"[1min]messages sent"}
{"time":"2024-05-21T03:35:00+03:00","message":"[1min]messages sent"}
{"time":"2024-05-21T03:36:00+03:00","message":"[1min]messages sent"}
{"time":"2024-05-21T03:37:00+03:00","message":"[1min]messages sent"}
{"time":"2024-05-21T03:38:00+03:00","message":"[1min]messages sent"}
{"time":"2024-05-21T03:39:00+03:00","message":"[1min]messages sent"}
{"time":"2024-05-21T03:40:00+03:00","message":"[1min]messages sent"}
{"time":"2024-05-21T03:41:00+03:00","message":"[1min]messages sent"}
{"time":"2024-05-21T03:42:00+03:00","message":"[1min]messages sent"}
{"time":"2024-05-21T03:43:00+03:00","message":"[1min]messages sent"}
{"time":"2024-05-21T03:44:00+03:00","message":"[1min]messages sent"}
{"time":"2024-05-21T03:45:00+03:00","message":"[1min]messages sent"}
{"time":"2024-05-21T03:46:00+03:00","message":"[1min]messages sent"}
{"time":"2024-05-21T03:47:00+03:00","message":"[1min]messages sent"}
{"time":"2024-05-21T03:48:00+03:00","message":"[1min]messages sent"}
{"time":"2024-05-21T03:49:00+03:00","message":"[1min]messages sent"}
{"time":"2024-05-21T03:50:00+03:00","message":"[1min]messages sent"}
{"time":"2024-05-21T03:51:00+03:00","message":"[1min]messages sent"}
{"time":"2024-05-21T03:52:00+03:00","message":"[1min]messages sent"}
{"time":"2024-05-21T03:53:00+03:00","message":"[1min]messages sent"}
{"time":"2024-05-21T03:54:00+03:00","message":"[1min]messages sent"}
{"time":"2024-05-21T03:55:00+03:00","message":"[1min]messages sent"}
{"time":"2024-05-21T03:56:00+03:00","message":"[1min]messages sent"}
{"time":"2024-05-21T03:57:00+03:00","message":"[1min]messages sent"}
{"time":"2024-05-21T03:58:00+03:00","message":"[1min]messages sent"}
{"time":"2024-05-21T03:59:00+03:00","message":"[1min]messages sent"}
{"time":"2024-05-21T04:00:00+03:00","message":"[hourly]messages sent"}
{"time":"2024-05-21T04:00:00+03:00","message":"[1min]messages sent"}
{"time":"2024-05-21T04:01:00+03:00","message":"[1min]messages sent"}
{"time":"2024-05-21T04:02:00+03:00","message":"[1min]messages sent"}
{"time":"2024-05-21T04:03:00+03:00","message":"[1min]messages sent"}
{"time":"2024-05-21T04:04:00+03:00","message":"[1min]messages sent"}
{"time":"2024-05-21T04:05:00+03:00","message":"[1min]messages sent"}
{"time":"2024-05-21T04:06:00+03:00","message":"[1min]messages sent"}
{"time":"2024-05-21T04:07:00+03:00","message":"[1min]messages sent"}
{"time":"2024-05-21T04:08:00+03:00","message":"[1min]messages sent"}
{"time":"2024-05-21T04:09:00+03:00","message":"[1min]messages sent"}
{"time":"2024-05-21T04:10:00+03:00","message":"[1min]messages sent"}
{"time":"2024-05-21T04:11:00+03:00","message":"[1min]messages sent"}
{"time":"2024-05-21T04:12:00+03:00","message":"[1min]messages sent"}
{"time":"2024-05-21T04:13:00+03:00","message":"[1min]messages sent"}
{"time":"2024-05-21T04:14:00+03:00","message":"[1min]messages sent"}
{"time":"2024-05-21T04:15:00+03:00","message":"[1min]messages sent"}
{"time":"2024-05-21T04:16:00+03:00","message":"[1min]messages sent"}
{"time":"2024-05-21T04:17:00+03:00","message":"[1min]messages sent"}
{"time":"2024-05-21T04:18:00+03:00","message":"[1min]messages sent"}
{"time":"2024-05-21T04:19:00+03:00","message":"[1min]messages sent"}
{"time":"2024-05-21T04:20:00+03:00","message":"[1min]messages sent"}
{"time":"2024-05-21T04:21:00+03:00","message":"[1min]messages sent"}
{"time":"2024-05-21T04:22:00+03:00","message":"[1min]messages sent"}
{"time":"2024-05-21T04:23:00+03:00","message":"[1min]messages sent"}
{"time":"2024-05-21T04:24:00+03:00","message":"[1min]messages sent"}
{"time":"2024-05-21T04:25:00+03:00","message":"[1min]messages sent"}
{"time":"2024-05-21T04:26:00+03:00","message":"[1min]messages sent"}
{"time":"2024-05-21T04:27:00+03:00","message":"[1min]messages sent"}
{"time":"2024-05-21T04:28:00+03:00","message":"[1min]messages sent"}
{"time":"2024-05-21T04:29:00+03:00","message":"[1min]messages sent"}
{"time":"2024-05-21T04:30:00+03:00","message":"[1min]messages sent"}
{"time":"2024-05-21T04:31:00+03:00","message":"[1min]messages sent"}
{"time":"2024-05-21T04:32:00+03:00","message":"[1min]messages sent"}
{"time":"2024-05-21T04:33:00+03:00","message":"[1min]messages sent"}
{"time":"2024-05-21T04:34:00+03:00","message":"[1min]messages sent"}
{"time":"2024-05-21T04:35:00+03:00","message":"[1min]messages sent"}
{"time":"2024-05-21T04:36:00+03:00","message":"[1min]messages sent"}
{"time":"2024-05-21T04:37:00+03:00","message":"[1min]messages sent"}
{"time":"2024-05-21T04:38:00+03:00","message":"[1min]messages sent"}
{"time":"2024-05-21T04:39:00+03:00","message":"[1min]messages sent"}
{"time":"2024-05-21T04:40:00+03:00","message":"[1min]messages sent"}
{"time":"2024-05-21T04:41:00+03:00","message":"[1min]messages sent"}
{"time":"2024-05-21T04:42:00+03:00","message":"[1min]messages sent"}
{"time":"2024-05-21T04:43:00+03:00","message":"[1min]messages sent"}
{"time":"2024-05-21T04:44:00+03:00","message":"[1min]messages sent"}
{"time":"2024-05-21T04:45:00+03:00","message":"[1min]messages sent"}
{"time":"2024-05-21T04:46:00+03:00","message":"[1min]messages sent"}
{"time":"2024-05-21T04:47:00+03:00","message":"[1min]messages sent"}
{"time":"2024-05-21T04:48:00+03:00","message":"[1min]messages sent"}
{"time":"2024-05-21T04:49:00+03:00","message":"[1min]messages sent"}
{"time":"2024-05-21T04:50:00+03:00","message":"[1min]messages sent"}
{"time":"2024-05-21T04:51:00+03:00","message":"[1min]messages sent"}
{"time":"2024-05-21T04:52:00+03:00","message":"[1min]messages sent"}
{"time":"2024-05-21T04:53:00+03:00","message":"[1min]messages sent"}
{"time":"2024-05-21T04:54:00+03:00","message":"[1min]messages sent"}
{"time":"2024-05-21T04:55:00+03:00","message":"[1min]messages sent"}
{"time":"2024-05-21T04:56:00+03:00","message":"[1min]messages sent"}
{"time":"2024-05-21T04:57:00+03:00","message":"[1min]messages sent"}
{"time":"2024-05-21T04:58:00+03:00","message":"[1min]messages sent"}
{"time":"2024-05-21T04:59:00+03:00","message":"[1min]messages sent"}
{"time":"2024-05-21T05:00:00+03:00","message":"[hourly]messages sent"}
{"time":"2024-05-21T05:00:00+03:00","message":"[1min]messages sent"}
{"time":"2024-05-21T05:01:00+03:00","message":"[1min]messages sent"}
{"time":"2024-05-21T05:02:00+03:00","message":"[1min]messages sent"}
{"time":"2024-05-21T05:03:00+03:00","message":"[1min]messages sent"}
{"time":"2024-05-21T05:04:00+03:00","message":"[1min]messages sent"}
{"time":"2024-05-21T05:05:00+03:00","message":"[1min]messages sent"}
{"time":"2024-05-21T05:06:00+03:00","message":"[1min]messages sent"}
{"time":"2024-05-21T05:07:00+03:00","message":"[1min]messages sent"}
{"time":"2024-05-21T05:08:00+03:00","message":"[1min]messages sent"}
{"time":"2024-05-21T05:09:00+03:00","message":"[1min]messages sent"}
{"time":"2024-05-21T05:10:00+03:00","message":"[1min]messages sent"}
{"time":"2024-05-21T05:11:00+03:00","message":"[1min]messages sent"}
{"time":"2024-05-21T05:12:00+03:00","message":"[1min]messages sent"}
{"time":"2024-05-21T05:13:00+03:00","message":"[1min]messages sent"}
{"time":"2024-05-21T05:14:00+03:00","message":"[1min]messages sent"}
{"time":"2024-05-21T05:15:00+03:00","message":"[1min]messages sent"}
{"time":"2024-05-21T05:16:00+03:00","message":"[1min]messages sent"}
{"time":"2024-05-21T05:17:00+03:00","message":"[1min]messages sent"}
{"time":"2024-05-21T05:18:00+03:00","message":"[1min]messages sent"}
{"time":"2024-05-21T05:19:00+03:00","message":"[1min]messages sent"}
{"time":"2024-05-21T05:20:00+03:00","message":"[1min]messages sent"}
{"time":"2024-05-21T05:21:00+03:00","message":"[1min]messages sent"}
{"time":"2024-05-21T05:22:00+03:00","message":"[1min]messages sent"}
{"time":"2024-05-21T05:23:00+03:00","message":"[1min]messages sent"}
{"time":"2024-05-21T05:24:00+03:00","message":"[1min]messages sent"}
{"time":"2024-05-21T05:25:00+03:00","message":"[1min]messages sent"}
{"time":"2024-05-21T05:26:00+03:00","message":"[1min]messages sent"}
{"time":"2024-05-21T05:27:00+03:00","message":"[1min]messages sent"}
{"time":"2024-05-21T05:28:00+03:00","message":"[1min]messages sent"}
{"time":"2024-05-21T05:29:00+03:00","message":"[1min]messages sent"}
{"time":"2024-05-21T05:30:00+03:00","message":"[1min]messages sent"}
{"time":"2024-05-21T05:31:00+03:00","message":"[1min]messages sent"}
{"time":"2024-05-21T05:32:00+03:00","message":"[1min]messages sent"}
{"time":"2024-05-21T05:33:00+03:00","message":"[1min]messages sent"}
{"time":"2024-05-21T05:34:00+03:00","message":"[1min]messages sent"}
{"time":"2024-05-21T05:35:00+03:00","message":"[1min]messages sent"}
{"time":"2024-05-21T05:36:00+03:00","message":"[1min]messages sent"}
{"time":"2024-05-21T05:37:00+03:00","message":"[1min]messages sent"}
{"time":"2024-05-21T05:38:00+03:00","message":"[1min]messages sent"}
{"time":"2024-05-21T05:39:00+03:00","message":"[1min]messages sent"}
{"time":"2024-05-21T05:40:00+03:00","message":"[1min]messages sent"}
{"time":"2024-05-21T05:41:00+03:00","message":"[1min]messages sent"}
{"time":"2024-05-21T05:42:00+03:00","message":"[1min]messages sent"}
{"time":"2024-05-21T05:43:00+03:00","message":"[1min]messages sent"}
{"time":"2024-05-21T05:44:00+03:00","message":"[1min]messages sent"}
{"time":"2024-05-21T05:45:00+03:00","message":"[1min]messages sent"}
{"time":"2024-05-21T05:46:00+03:00","message":"[1min]messages sent"}
{"time":"2024-05-21T05:47:00+03:00","message":"[1min]messages sent"}
{"time":"2024-05-21T05:48:00+03:00","message":"[1min]messages sent"}
{"time":"2024-05-21T05:49:00+03:00","message":"[1min]messages sent"}
{"time":"2024-05-21T05:50:00+03:00","message":"[1min]messages sent"}
{"time":"2024-05-21T05:51:00+03:00","message":"[1min]messages sent"}
{"time":"2024-05-21T05:52:00+03:00","message":"[1min]messages sent"}
{"time":"2024-05-21T05:53:00+03:00","message":"[1min]messages sent"}
{"time":"2024-05-21T05:54:00+03:00","message":"[1min]messages sent"}
{"time":"2024-05-21T05:55:00+03:00","message":"[1min]messages sent"}
{"time":"2024-05-21T05:56:00+03:00","message":"[1min]messages sent"}
{"time":"2024-05-21T05:57:00+03:00","message":"[1min]messages sent"}
{"time":"2024-05-21T05:58:00+03:00","message":"[1min]messages sent"}
{"time":"2024-05-21T05:59:00+03:00","message":"[1min]messages sent"}
{"time":"2024-05-21T06:00:00+03:00","message":"[hourly]messages sent"}
{"time":"2024-05-21T06:00:00+03:00","message":"[1min]messages sent"}
{"time":"2024-05-21T06:01:00+03:00","message":"[1min]messages sent"}
{"time":"2024-05-21T06:02:00+03:00","message":"[1min]messages sent"}
{"time":"2024-05-21T06:03:00+03:00","message":"[1min]messages sent"}
{"time":"2024-05-21T06:04:00+03:00","message":"[1min]messages sent"}
{"time":"2024-05-21T06:05:00+03:00","message":"[1min]messages sent"}
{"time":"2024-05-21T06:06:00+03:00","message":"[1min]messages sent"}
{"time":"2024-05-21T06:07:00+03:00","message":"[1min]messages sent"}
{"time":"2024-05-21T06:08:00+03:00","message":"[1min]messages sent"}
{"time":"2024-05-21T06:09:00+03:00","message":"[1min]messages sent"}
{"time":"2024-05-21T06:10:00+03:00","message":"[1min]messages sent"}
{"time":"2024-05-21T06:11:00+03:00","message":"[1min]messages sent"}
{"time":"2024-05-21T06:12:00+03:00","message":"[1min]messages sent"}
{"time":"2024-05-21T06:13:00+03:00","message":"[1min]messages sent"}
{"time":"2024-05-21T06:14:00+03:00","message":"[1min]messages sent"}
{"time":"2024-05-21T06:15:00+03:00","message":"[1min]messages sent"}
{"time":"2024-05-21T06:16:00+03:00","message":"[1min]messages sent"}
{"time":"2024-05-21T06:17:00+03:00","message":"[1min]messages sent"}
{"time":"2024-05-21T06:18:00+03:00","message":"[1min]messages sent"}
{"time":"2024-05-21T06:19:00+03:00","message":"[1min]messages sent"}
{"time":"2024-05-21T06:20:00+03:00","message":"[1min]messages sent"}
{"time":"2024-05-21T06:21:00+03:00","message":"[1min]messages sent"}
{"time":"2024-05-21T06:22:00+03:00","message":"[1min]messages sent"}
{"time":"2024-05-21T06:23:00+03:00","message":"[1min]messages sent"}
{"time":"2024-05-21T06:24:00+03:00","message":"[1min]messages sent"}
{"time":"2024-05-21T06:25:00+03:00","message":"[1min]messages sent"}
{"time":"2024-05-21T06:26:00+03:00","message":"[1min]messages sent"}
{"time":"2024-05-21T06:27:00+03:00","message":"[1min]messages sent"}
{"time":"2024-05-21T06:28:00+03:00","message":"[1min]messages sent"}
{"time":"2024-05-21T06:29:00+03:00","message":"[1min]messages sent"}
{"time":"2024-05-21T06:30:00+03:00","message":"[1min]messages sent"}
{"time":"2024-05-21T06:31:00+03:00","message":"[1min]messages sent"}
{"time":"2024-05-21T06:32:00+03:00","message":"[1min]messages sent"}
{"time":"2024-05-21T06:33:00+03:00","message":"[1min]messages sent"}
{"time":"2024-05-21T06:34:00+03:00","message":"[1min]messages sent"}
{"time":"2024-05-21T06:35:00+03:00","message":"[1min]messages sent"}
{"time":"2024-05-21T06:36:00+03:00","message":"[1min]messages sent"}
{"time":"2024-05-21T06:37:00+03:00","message":"[1min]messages sent"}
{"time":"2024-05-21T06:38:00+03:00","message":"[1min]messages sent"}
{"time":"2024-05-21T06:39:00+03:00","message":"[1min]messages sent"}
{"time":"2024-05-21T06:40:00+03:00","message":"[1min]messages sent"}
{"time":"2024-05-21T06:41:00+03:00","message":"[1min]messages sent"}
{"time":"2024-05-21T06:42:00+03:00","message":"[1min]messages sent"}
{"time":"2024-05-21T06:43:00+03:00","message":"[1min]messages sent"}
{"time":"2024-05-21T06:44:00+03:00","message":"[1min]messages sent"}
{"time":"2024-05-21T06:45:00+03:00","message":"[1min]messages sent"}
{"time":"2024-05-21T06:46:00+03:00","message":"[1min]messages sent"}
{"time":"2024-05-21T06:47:00+03:00","message":"[1min]messages sent"}
{"time":"2024-05-21T06:48:00+03:00","message":"[1min]messages sent"}
{"time":"2024-05-21T06:49:00+03:00","message":"[1min]messages sent"}
{"time":"2024-05-21T06:50:00+03:00","message":"[1min]messages sent"}
{"time":"2024-05-21T06:51:00+03:00","message":"[1min]messages sent"}
{"time":"2024-05-21T06:52:00+03:00","message":"[1min]messages sent"}
{"time":"2024-05-21T06:53:00+03:00","message":"[1min]messages sent"}
{"time":"2024-05-21T06:54:00+03:00","message":"[1min]messages sent"}
{"time":"2024-05-21T06:55:00+03:00","message":"[1min]messages sent"}
{"time":"2024-05-21T06:56:00+03:00","message":"[1min]messages sent"}
{"time":"2024-05-21T06:57:00+03:00","message":"[1min]messages sent"}
{"time":"2024-05-21T06:58:00+03:00","message":"[1min]messages sent"}
{"time":"2024-05-21T06:59:00+03:00","message":"[1min]messages sent"}
{"time":"2024-05-21T07:00:00+03:00","message":"[hourly]messages sent"}
{"time":"2024-05-21T07:00:00+03:00","message":"[1min]messages sent"}
{"time":"2024-05-21T07:01:00+03:00","message":"[1min]messages sent"}
{"time":"2024-05-21T07:02:00+03:00","message":"[1min]messages sent"}
{"time":"2024-05-21T07:03:00+03:00","message":"[1min]messages sent"}
{"time":"2024-05-21T07:04:00+03:00","message":"[1min]messages sent"}
{"time":"2024-05-21T07:05:00+03:00","message":"[1min]messages sent"}
{"time":"2024-05-21T07:06:00+03:00","message":"[1min]messages sent"}
{"time":"2024-05-21T07:07:00+03:00","message":"[1min]messages sent"}
{"time":"2024-05-21T07:08:00+03:00","message":"[1min]messages sent"}
{"time":"2024-05-21T07:09:00+03:00","message":"[1min]messages sent"}
{"time":"2024-05-21T07:10:00+03:00","message":"[1min]messages sent"}
{"time":"2024-05-21T07:11:00+03:00","message":"[1min]messages sent"}
{"time":"2024-05-21T07:12:00+03:00","message":"[1min]messages sent"}
{"time":"2024-05-21T07:13:00+03:00","message":"[1min]messages sent"}
{"time":"2024-05-21T07:14:00+03:00","message":"[1min]messages sent"}
{"time":"2024-05-21T07:15:00+03:00","message":"[1min]messages sent"}
{"time":"2024-05-21T07:16:00+03:00","message":"[1min]messages sent"}
{"time":"2024-05-21T07:17:00+03:00","message":"[1min]messages sent"}
{"time":"2024-05-21T07:18:00+03:00","message":"[1min]messages sent"}
{"time":"2024-05-21T07:19:00+03:00","message":"[1min]messages sent"}
{"time":"2024-05-21T07:20:00+03:00","message":"[1min]messages sent"}
{"time":"2024-05-21T07:21:00+03:00","message":"[1min]messages sent"}
{"time":"2024-05-21T07:22:00+03:00","message":"[1min]messages sent"}
{"time":"2024-05-21T07:23:00+03:00","message":"[1min]messages sent"}
{"time":"2024-05-21T07:24:00+03:00","message":"[1min]messages sent"}
{"time":"2024-05-21T07:25:00+03:00","message":"[1min]messages sent"}
{"time":"2024-05-21T07:26:00+03:00","message":"[1min]messages sent"}
{"time":"2024-05-21T07:27:00+03:00","message":"[1min]messages sent"}
{"time":"2024-05-21T07:28:00+03:00","message":"[1min]messages sent"}
{"time":"2024-05-21T07:29:00+03:00","message":"[1min]messages sent"}
{"time":"2024-05-21T07:30:00+03:00","message":"[1min]messages sent"}
{"time":"2024-05-21T07:31:00+03:00","message":"[1min]messages sent"}
{"time":"2024-05-21T07:32:00+03:00","message":"[1min]messages sent"}
{"time":"2024-05-21T07:33:00+03:00","message":"[1min]messages sent"}
{"time":"2024-05-21T07:34:00+03:00","message":"[1min]messages sent"}
{"time":"2024-05-21T07:35:00+03:00","message":"[1min]messages sent"}
{"time":"2024-05-21T07:36:00+03:00","message":"[1min]messages sent"}
{"time":"2024-05-21T07:37:00+03:00","message":"[1min]messages sent"}
{"time":"2024-05-21T07:38:00+03:00","message":"[1min]messages sent"}
{"time":"2024-05-21T07:39:00+03:00","message":"[1min]messages sent"}
{"time":"2024-05-21T07:40:00+03:00","message":"[1min]messages sent"}
{"time":"2024-05-21T07:41:00+03:00","message":"[1min]messages sent"}
{"time":"2024-05-21T07:42:00+03:00","message":"[1min]messages sent"}
{"time":"2024-05-21T07:43:00+03:00","message":"[1min]messages sent"}
{"time":"2024-05-21T07:44:00+03:00","message":"[1min]messages sent"}
{"time":"2024-05-21T07:45:00+03:00","message":"[1min]messages sent"}
{"time":"2024-05-21T07:46:00+03:00","message":"[1min]messages sent"}
{"time":"2024-05-21T07:47:00+03:00","message":"[1min]messages sent"}
{"time":"2024-05-21T07:48:00+03:00","message":"[1min]messages sent"}
{"time":"2024-05-21T07:49:00+03:00","message":"[1min]messages sent"}
{"time":"2024-05-21T07:50:00+03:00","message":"[1min]messages sent"}
{"time":"2024-05-21T07:51:00+03:00","message":"[1min]messages sent"}
{"time":"2024-05-21T07:52:00+03:00","message":"[1min]messages sent"}
{"time":"2024-05-21T07:53:00+03:00","message":"[1min]messages sent"}
{"time":"2024-05-21T07:54:00+03:00","message":"[1min]messages sent"}
{"time":"2024-05-21T07:55:00+03:00","message":"[1min]messages sent"}
{"time":"2024-05-21T07:56:00+03:00","message":"[1min]messages sent"}
{"time":"2024-05-21T07:57:00+03:00","message":"[1min]messages sent"}
{"time":"2024-05-21T07:58:00+03:00","message":"[1min]messages sent"}
{"time":"2024-05-21T07:59:00+03:00","message":"[1min]messages sent"}
{"time":"2024-05-21T08:00:00+03:00","message":"[hourly]messages sent"}
{"time":"2024-05-21T08:00:00+03:00","message":"[1min]messages sent"}
{"time":"2024-05-21T08:01:00+03:00","message":"[1min]messages sent"}
{"time":"2024-05-21T08:02:00+03:00","message":"[1min]messages sent"}
{"time":"2024-05-21T08:03:00+03:00","message":"[1min]messages sent"}
{"time":"2024-05-21T08:04:00+03:00","message":"[1min]messages sent"}
{"time":"2024-05-21T08:05:00+03:00","message":"[1min]messages sent"}
{"time":"2024-05-21T08:06:00+03:00","message":"[1min]messages sent"}
{"time":"2024-05-21T08:07:00+03:00","message":"[1min]messages sent"}
{"time":"2024-05-21T08:08:00+03:00","message":"[1min]messages sent"}
{"time":"2024-05-21T08:09:00+03:00","message":"[1min]messages sent"}
{"time":"2024-05-21T08:10:00+03:00","message":"[1min]messages sent"}
{"time":"2024-05-21T08:11:00+03:00","message":"[1min]messages sent"}
{"time":"2024-05-21T08:12:00+03:00","message":"[1min]messages sent"}
{"time":"2024-05-21T08:13:00+03:00","message":"[1min]messages sent"}
{"time":"2024-05-21T08:14:00+03:00","message":"[1min]messages sent"}
{"time":"2024-05-21T08:15:00+03:00","message":"[1min]messages sent"}
{"time":"2024-05-21T08:16:00+03:00","message":"[1min]messages sent"}
{"time":"2024-05-21T08:17:00+03:00","message":"[1min]messages sent"}
{"time":"2024-05-21T08:18:00+03:00","message":"[1min]messages sent"}
{"time":"2024-05-21T08:19:00+03:00","message":"[1min]messages sent"}
{"time":"2024-05-21T08:20:00+03:00","message":"[1min]messages sent"}
{"time":"2024-05-21T08:21:00+03:00","message":"[1min]messages sent"}
{"time":"2024-05-21T08:22:00+03:00","message":"[1min]messages sent"}
{"time":"2024-05-21T08:23:00+03:00","message":"[1min]messages sent"}
{"time":"2024-05-21T08:24:00+03:00","message":"[1min]messages sent"}
{"time":"2024-05-21T08:25:00+03:00","message":"[1min]messages sent"}
{"time":"2024-05-21T08:26:00+03:00","message":"[1min]messages sent"}
{"time":"2024-05-21T08:27:00+03:00","message":"[1min]messages sent"}
{"time":"2024-05-21T08:28:00+03:00","message":"[1min]messages sent"}
{"time":"2024-05-21T08:29:00+03:00","message":"[1min]messages sent"}
{"time":"2024-05-21T08:30:00+03:00","message":"[1min]messages sent"}
{"time":"2024-05-21T08:31:00+03:00","message":"[1min]messages sent"}
{"time":"2024-05-21T08:32:00+03:00","message":"[1min]messages sent"}
{"time":"2024-05-21T08:33:00+03:00","message":"[1min]messages sent"}
{"time":"2024-05-21T08:34:00+03:00","message":"[1min]messages sent"}
{"time":"2024-05-21T08:35:00+03:00","message":"[1min]messages sent"}
{"time":"2024-05-21T08:36:00+03:00","message":"[1min]messages sent"}
{"time":"2024-05-21T08:37:00+03:00","message":"[1min]messages sent"}
{"time":"2024-05-21T08:38:00+03:00","message":"[1min]messages sent"}
{"time":"2024-05-21T08:39:00+03:00","message":"[1min]messages sent"}
{"time":"2024-05-21T08:40:00+03:00","message":"[1min]messages sent"}
{"time":"2024-05-21T08:41:00+03:00","message":"[1min]messages sent"}
{"time":"2024-05-21T08:42:00+03:00","message":"[1min]messages sent"}
{"time":"2024-05-21T08:43:00+03:00","message":"[1min]messages sent"}
{"time":"2024-05-21T08:44:00+03:00","message":"[1min]messages sent"}
{"time":"2024-05-21T08:45:00+03:00","message":"[1min]messages sent"}
{"time":"2024-05-21T08:46:00+03:00","message":"[1min]messages sent"}
{"time":"2024-05-21T08:47:00+03:00","message":"[1min]messages sent"}
{"time":"2024-05-21T08:48:00+03:00","message":"[1min]messages sent"}
{"time":"2024-05-21T08:49:00+03:00","message":"[1min]messages sent"}
{"time":"2024-05-21T08:50:00+03:00","message":"[1min]messages sent"}
{"time":"2024-05-21T08:51:00+03:00","message":"[1min]messages sent"}
{"time":"2024-05-21T08:52:00+03:00","message":"[1min]messages sent"}
{"time":"2024-05-21T08:53:00+03:00","message":"[1min]messages sent"}
{"time":"2024-05-21T08:54:00+03:00","message":"[1min]messages sent"}
{"time":"2024-05-21T08:55:00+03:00","message":"[1min]messages sent"}
{"time":"2024-05-21T08:56:00+03:00","message":"[1min]messages sent"}
{"time":"2024-05-21T08:57:00+03:00","message":"[1min]messages sent"}
{"time":"2024-05-21T08:58:00+03:00","message":"[1min]messages sent"}
{"time":"2024-05-21T08:59:00+03:00","message":"[1min]messages sent"}
{"time":"2024-05-21T09:00:00+03:00","message":"[hourly]messages sent"}
{"time":"2024-05-21T09:00:00+03:00","message":"[1min]messages sent"}
{"time":"2024-05-21T09:01:00+03:00","message":"[1min]messages sent"}
{"time":"2024-05-21T09:02:00+03:00","message":"[1min]messages sent"}
{"time":"2024-05-21T09:03:00+03:00","message":"[1min]messages sent"}
{"time":"2024-05-21T09:04:00+03:00","message":"[1min]messages sent"}
{"time":"2024-05-21T09:05:00+03:00","message":"[1min]messages sent"}
{"time":"2024-05-21T09:06:00+03:00","message":"[1min]messages sent"}
{"time":"2024-05-21T09:07:00+03:00","message":"[1min]messages sent"}
{"time":"2024-05-21T09:08:00+03:00","message":"[1min]messages sent"}
{"time":"2024-05-21T09:09:00+03:00","message":"[1min]messages sent"}
{"time":"2024-05-21T09:10:00+03:00","message":"[1min]messages sent"}
{"time":"2024-05-21T09:11:00+03:00","message":"[1min]messages sent"}
{"time":"2024-05-21T09:12:00+03:00","message":"[1min]messages sent"}
{"time":"2024-05-21T09:13:00+03:00","message":"[1min]messages sent"}
{"time":"2024-05-21T09:14:00+03:00","message":"[1min]messages sent"}
{"time":"2024-05-21T09:15:00+03:00","message":"[1min]messages sent"}
{"time":"2024-05-21T09:16:00+03:00","message":"[1min]messages sent"}
{"time":"2024-05-21T09:17:00+03:00","message":"[1min]messages sent"}
{"time":"2024-05-21T09:18:00+03:00","message":"[1min]messages sent"}
{"time":"2024-05-21T09:19:00+03:00","message":"[1min]messages sent"}
{"time":"2024-05-21T09:20:00+03:00","message":"[1min]messages sent"}
{"time":"2024-05-21T09:21:00+03:00","message":"[1min]messages sent"}
{"time":"2024-05-21T09:22:00+03:00","message":"[1min]messages sent"}
{"time":"2024-05-21T09:23:00+03:00","message":"[1min]messages sent"}
{"time":"2024-05-21T09:24:00+03:00","message":"[1min]messages sent"}
{"time":"2024-05-21T09:25:00+03:00","message":"[1min]messages sent"}
{"time":"2024-05-21T09:26:00+03:00","message":"[1min]messages sent"}
{"time":"2024-05-21T09:27:00+03:00","message":"[1min]messages sent"}
{"time":"2024-05-21T09:28:00+03:00","message":"[1min]messages sent"}
{"time":"2024-05-21T09:29:00+03:00","message":"[1min]messages sent"}
{"time":"2024-05-21T09:30:00+03:00","message":"[1min]messages sent"}
{"time":"2024-05-21T09:31:00+03:00","message":"[1min]messages sent"}
{"time":"2024-05-21T09:32:00+03:00","message":"[1min]messages sent"}
{"time":"2024-05-21T09:33:00+03:00","message":"[1min]messages sent"}
{"time":"2024-05-21T09:34:00+03:00","message":"[1min]messages sent"}
{"time":"2024-05-21T09:35:00+03:00","message":"[1min]messages sent"}
{"time":"2024-05-21T09:36:00+03:00","message":"[1min]messages sent"}
{"time":"2024-05-21T09:37:00+03:00","message":"[1min]messages sent"}
{"time":"2024-05-21T09:38:00+03:00","message":"[1min]messages sent"}
{"time":"2024-05-21T09:39:00+03:00","message":"[1min]messages sent"}
{"time":"2024-05-21T09:40:00+03:00","message":"[1min]messages sent"}
{"time":"2024-05-21T09:41:00+03:00","message":"[1min]messages sent"}
{"time":"2024-05-21T09:42:00+03:00","message":"[1min]messages sent"}
{"time":"2024-05-21T09:43:00+03:00","message":"[1min]messages sent"}
{"time":"2024-05-21T09:44:00+03:00","message":"[1min]messages sent"}
{"time":"2024-05-21T09:45:00+03:00","message":"[1min]messages sent"}
{"time":"2024-05-21T09:46:00+03:00","message":"[1min]messages sent"}
{"time":"2024-05-21T09:47:00+03:00","message":"[1min]messages sent"}
{"time":"2024-05-21T09:48:00+03:00","message":"[1min]messages sent"}
{"time":"2024-05-21T09:49:00+03:00","message":"[1min]messages sent"}
{"time":"2024-05-21T09:50:00+03:00","message":"[1min]messages sent"}
{"time":"2024-05-21T09:51:00+03:00","message":"[1min]messages sent"}
{"time":"2024-05-21T09:52:00+03:00","message":"[1min]messages sent"}
{"time":"2024-05-21T09:53:00+03:00","message":"[1min]messages sent"}
{"time":"2024-05-21T09:54:00+03:00","message":"[1min]messages sent"}
{"time":"2024-05-21T09:55:00+03:00","message":"[1min]messages sent"}
{"time":"2024-05-21T09:56:00+03:00","message":"[1min]messages sent"}
{"time":"2024-05-21T09:57:00+03:00","message":"[1min]messages sent"}
{"time":"2024-05-21T09:58:00+03:00","message":"[1min]messages sent"}
{"time":"2024-05-21T09:59:00+03:00","message":"[1min]messages sent"}
{"time":"2024-05-21T10:00:00+03:00","message":"[hourly]messages sent"}
{"time":"2024-05-21T10:00:00+03:00","message":"[1min]messages sent"}
{"time":"2024-05-21T10:01:00+03:00","message":"[1min]messages sent"}
{"time":"2024-05-21T10:02:00+03:00","message":"[1min]messages sent"}
{"time":"2024-05-21T10:03:00+03:00","message":"[1min]messages sent"}
{"time":"2024-05-21T10:04:00+03:00","message":"[1min]messages sent"}
{"time":"2024-05-21T10:05:00+03:00","message":"[1min]messages sent"}
{"time":"2024-05-21T10:06:00+03:00","message":"[1min]messages sent"}
{"time":"2024-05-21T10:07:00+03:00","message":"[1min]messages sent"}
{"time":"2024-05-21T10:08:00+03:00","message":"[1min]messages sent"}
{"time":"2024-05-21T10:09:00+03:00","message":"[1min]messages sent"}
{"time":"2024-05-21T10:10:00+03:00","message":"[1min]messages sent"}
{"time":"2024-05-21T10:11:00+03:00","message":"[1min]messages sent"}
{"time":"2024-05-21T10:12:00+03:00","message":"[1min]messages sent"}
{"time":"2024-05-21T10:13:00+03:00","message":"[1min]messages sent"}
{"time":"2024-05-21T10:14:00+03:00","message":"[1min]messages sent"}
{"time":"2024-05-21T10:15:00+03:00","message":"[1min]messages sent"}
{"time":"2024-05-21T10:16:00+03:00","message":"[1min]messages sent"}
{"time":"2024-05-21T10:17:00+03:00","message":"[1min]messages sent"}
{"time":"2024-05-21T10:18:00+03:00","message":"[1min]messages sent"}
{"time":"2024-05-21T10:19:00+03:00","message":"[1min]messages sent"}
{"time":"2024-05-21T10:20:00+03:00","message":"[1min]messages sent"}
{"time":"2024-05-21T10:21:00+03:00","message":"[1min]messages sent"}
{"time":"2024-05-21T10:22:00+03:00","message":"[1min]messages sent"}
{"time":"2024-05-21T10:23:00+03:00","message":"[1min]messages sent"}
{"time":"2024-05-21T10:24:00+03:00","message":"[1min]messages sent"}
{"time":"2024-05-21T10:25:00+03:00","message":"[1min]messages sent"}
{"time":"2024-05-21T10:26:00+03:00","message":"[1min]messages sent"}
{"time":"2024-05-21T10:27:00+03:00","message":"[1min]messages sent"}
{"time":"2024-05-21T10:28:00+03:00","message":"[1min]messages sent"}
{"time":"2024-05-21T10:29:00+03:00","message":"[1min]messages sent"}
{"time":"2024-05-21T10:30:00+03:00","message":"[1min]messages sent"}
{"time":"2024-05-21T10:31:00+03:00","message":"[1min]messages sent"}
{"time":"2024-05-21T10:32:00+03:00","message":"[1min]messages sent"}
{"time":"2024-05-21T10:33:00+03:00","message":"[1min]messages sent"}
{"time":"2024-05-21T10:34:00+03:00","message":"[1min]messages sent"}
{"time":"2024-05-21T10:35:00+03:00","message":"[1min]messages sent"}
{"time":"2024-05-21T10:36:00+03:00","message":"[1min]messages sent"}
{"time":"2024-05-21T10:37:00+03:00","message":"[1min]messages sent"}
{"time":"2024-05-21T10:38:00+03:00","message":"[1min]messages sent"}
{"time":"2024-05-21T10:39:00+03:00","message":"[1min]messages sent"}
{"time":"2024-05-21T10:40:00+03:00","message":"[1min]messages sent"}
{"time":"2024-05-21T10:41:00+03:00","message":"[1min]messages sent"}
{"time":"2024-05-21T10:42:00+03:00","message":"[1min]messages sent"}
{"time":"2024-05-21T10:43:00+03:00","message":"[1min]messages sent"}
{"time":"2024-05-21T10:44:00+03:00","message":"[1min]messages sent"}
{"time":"2024-05-21T10:45:00+03:00","message":"[1min]messages sent"}
{"time":"2024-05-21T10:46:00+03:00","message":"[1min]messages sent"}
{"time":"2024-05-21T10:47:00+03:00","message":"[1min]messages sent"}
{"time":"2024-05-21T10:48:00+03:00","message":"[1min]messages sent"}
{"time":"2024-05-21T10:49:00+03:00","message":"[1min]messages sent"}
{"time":"2024-05-21T10:50:00+03:00","message":"[1min]messages sent"}
{"time":"2024-05-21T10:51:00+03:00","message":"[1min]messages sent"}
{"time":"2024-05-21T10:52:00+03:00","message":"[1min]messages sent"}
{"time":"2024-05-21T10:53:00+03:00","message":"[1min]messages sent"}
{"time":"2024-05-21T10:54:00+03:00","message":"[1min]messages sent"}
{"time":"2024-05-21T10:55:00+03:00","message":"[1min]messages sent"}
{"time":"2024-05-21T10:56:00+03:00","message":"[1min]messages sent"}
{"time":"2024-05-21T10:57:00+03:00","message":"[1min]messages sent"}
{"time":"2024-05-21T10:58:00+03:00","message":"[1min]messages sent"}
{"time":"2024-05-21T10:59:00+03:00","message":"[1min]messages sent"}
{"time":"2024-05-21T11:00:00+03:00","message":"[hourly]messages sent"}
{"time":"2024-05-21T11:00:00+03:00","message":"[1min]messages sent"}
{"time":"2024-05-21T11:01:00+03:00","message":"[1min]messages sent"}
{"time":"2024-05-21T11:02:00+03:00","message":"[1min]messages sent"}
{"time":"2024-05-21T11:03:00+03:00","message":"[1min]messages sent"}
{"time":"2024-05-21T11:04:00+03:00","message":"[1min]messages sent"}
{"time":"2024-05-21T11:05:00+03:00","message":"[1min]messages sent"}
{"time":"2024-05-21T11:06:00+03:00","message":"[1min]messages sent"}
{"time":"2024-05-21T11:07:00+03:00","message":"[1min]messages sent"}
{"time":"2024-05-21T11:08:00+03:00","message":"[1min]messages sent"}
{"time":"2024-05-21T11:09:00+03:00","message":"[1min]messages sent"}
{"time":"2024-05-21T11:10:00+03:00","message":"[1min]messages sent"}
{"time":"2024-05-21T11:11:00+03:00","message":"[1min]messages sent"}
{"time":"2024-05-21T11:12:00+03:00","message":"[1min]messages sent"}
{"time":"2024-05-21T11:13:00+03:00","message":"[1min]messages sent"}
{"time":"2024-05-21T11:14:00+03:00","message":"[1min]messages sent"}
{"time":"2024-05-21T11:15:00+03:00","message":"[1min]messages sent"}
{"time":"2024-05-21T11:16:00+03:00","message":"[1min]messages sent"}
{"time":"2024-05-21T11:17:00+03:00","message":"[1min]messages sent"}
{"time":"2024-05-21T11:18:00+03:00","message":"[1min]messages sent"}
{"time":"2024-05-21T11:19:00+03:00","message":"[1min]messages sent"}
{"time":"2024-05-21T11:20:00+03:00","message":"[1min]messages sent"}
{"time":"2024-05-21T11:21:00+03:00","message":"[1min]messages sent"}
{"time":"2024-05-21T11:22:00+03:00","message":"[1min]messages sent"}
{"time":"2024-05-21T11:23:00+03:00","message":"[1min]messages sent"}
{"time":"2024-05-21T11:24:00+03:00","message":"[1min]messages sent"}
{"time":"2024-05-21T11:25:00+03:00","message":"[1min]messages sent"}
{"time":"2024-05-21T11:26:00+03:00","message":"[1min]messages sent"}
{"time":"2024-05-21T11:27:00+03:00","message":"[1min]messages sent"}
{"time":"2024-05-21T11:28:00+03:00","message":"[1min]messages sent"}
{"time":"2024-05-21T11:29:00+03:00","message":"[1min]messages sent"}
{"time":"2024-05-21T11:30:00+03:00","message":"[1min]messages sent"}
{"time":"2024-05-21T11:31:00+03:00","message":"[1min]messages sent"}
{"time":"2024-05-21T11:32:00+03:00","message":"[1min]messages sent"}
{"time":"2024-05-21T11:33:00+03:00","message":"[1min]messages sent"}
{"time":"2024-05-21T11:34:00+03:00","message":"[1min]messages sent"}
{"time":"2024-05-21T11:35:00+03:00","message":"[1min]messages sent"}
{"time":"2024-05-21T11:36:00+03:00","message":"[1min]messages sent"}
{"time":"2024-05-21T11:37:00+03:00","message":"[1min]messages sent"}
{"time":"2024-05-21T11:38:00+03:00","message":"[1min]messages sent"}
{"time":"2024-05-21T11:39:00+03:00","message":"[1min]messages sent"}
{"time":"2024-05-21T11:40:00+03:00","message":"[1min]messages sent"}
{"time":"2024-05-21T11:41:00+03:00","message":"[1min]messages sent"}
{"time":"2024-05-21T11:42:00+03:00","message":"[1min]messages sent"}
{"time":"2024-05-21T11:43:00+03:00","message":"[1min]messages sent"}
{"time":"2024-05-21T11:44:00+03:00","message":"[1min]messages sent"}
{"time":"2024-05-21T11:45:00+03:00","message":"[1min]messages sent"}
{"time":"2024-05-21T11:46:00+03:00","message":"[1min]messages sent"}
{"time":"2024-05-21T11:47:00+03:00","message":"[1min]messages sent"}
{"time":"2024-05-21T11:48:00+03:00","message":"[1min]messages sent"}
{"time":"2024-05-21T11:49:00+03:00","message":"[1min]messages sent"}
{"time":"2024-05-21T11:50:00+03:00","message":"[1min]messages sent"}
{"time":"2024-05-21T11:51:00+03:00","message":"[1min]messages sent"}
{"time":"2024-05-21T11:52:00+03:00","message":"[1min]messages sent"}
{"time":"2024-05-21T11:53:00+03:00","message":"[1min]messages sent"}
{"time":"2024-05-21T11:54:00+03:00","message":"[1min]messages sent"}
{"time":"2024-05-21T11:55:00+03:00","message":"[1min]messages sent"}
{"time":"2024-05-21T11:56:00+03:00","message":"[1min]messages sent"}
{"time":"2024-05-21T11:57:00+03:00","message":"[1min]messages sent"}
{"time":"2024-05-21T11:58:00+03:00","message":"[1min]messages sent"}
{"time":"2024-05-21T11:59:00+03:00","message":"[1min]messages sent"}
{"time":"2024-05-21T12:00:00+03:00","message":"[1min]messages sent"}
{"time":"2024-05-21T12:00:00+03:00","message":"[hourly]messages sent"}
{"time":"2024-05-21T12:01:00+03:00","message":"[1min]messages sent"}
{"time":"2024-05-21T12:02:00+03:00","message":"[1min]messages sent"}
{"time":"2024-05-21T12:03:00+03:00","message":"[1min]messages sent"}
{"time":"2024-05-21T12:04:00+03:00","message":"[1min]messages sent"}
{"time":"2024-05-21T12:05:00+03:00","message":"[1min]messages sent"}
{"time":"2024-05-21T12:06:00+03:00","message":"[1min]messages sent"}
{"time":"2024-05-21T12:07:00+03:00","message":"[1min]messages sent"}
{"time":"2024-05-21T12:08:00+03:00","message":"[1min]messages sent"}
{"time":"2024-05-21T12:09:00+03:00","message":"[1min]messages sent"}
{"time":"2024-05-21T12:10:00+03:00","message":"[1min]messages sent"}
{"time":"2024-05-21T12:11:00+03:00","message":"[1min]messages sent"}
{"time":"2024-05-21T12:12:00+03:00","message":"[1min]messages sent"}
{"time":"2024-05-21T12:13:00+03:00","message":"[1min]messages sent"}
{"time":"2024-05-21T12:14:00+03:00","message":"[1min]messages sent"}
{"time":"2024-05-21T12:15:00+03:00","message":"[1min]messages sent"}
{"time":"2024-05-21T12:16:00+03:00","message":"[1min]messages sent"}
{"time":"2024-05-21T12:17:00+03:00","message":"[1min]messages sent"}
{"time":"2024-05-21T12:18:00+03:00","message":"[1min]messages sent"}
{"time":"2024-05-21T12:19:00+03:00","message":"[1min]messages sent"}
{"time":"2024-05-21T12:20:00+03:00","message":"[1min]messages sent"}
{"time":"2024-05-21T12:21:00+03:00","message":"[1min]messages sent"}
{"time":"2024-05-21T12:22:00+03:00","message":"[1min]messages sent"}
{"time":"2024-05-21T12:23:00+03:00","message":"[1min]messages sent"}
{"time":"2024-05-21T12:24:00+03:00","message":"[1min]messages sent"}
{"time":"2024-05-21T12:25:00+03:00","message":"[1min]messages sent"}
{"time":"2024-05-21T12:26:00+03:00","message":"[1min]messages sent"}
{"time":"2024-05-21T12:27:00+03:00","message":"[1min]messages sent"}
{"time":"2024-05-21T12:28:00+03:00","message":"[1min]messages sent"}
{"time":"2024-05-21T12:29:00+03:00","message":"[1min]messages sent"}
{"time":"2024-05-21T12:30:00+03:00","message":"[1min]messages sent"}
{"time":"2024-05-21T12:31:00+03:00","message":"[1min]messages sent"}
{"time":"2024-05-21T12:32:00+03:00","message":"[1min]messages sent"}
{"time":"2024-05-21T12:33:00+03:00","message":"[1min]messages sent"}
{"time":"2024-05-21T12:34:00+03:00","message":"[1min]messages sent"}
{"time":"2024-05-21T12:35:00+03:00","message":"[1min]messages sent"}
{"time":"2024-05-21T12:36:00+03:00","message":"[1min]messages sent"}
{"time":"2024-05-21T12:37:00+03:00","message":"[1min]messages sent"}
{"time":"2024-05-21T12:38:00+03:00","message":"[1min]messages sent"}
{"time":"2024-05-21T12:39:00+03:00","message":"[1min]messages sent"}
{"time":"2024-05-21T12:40:00+03:00","message":"[1min]messages sent"}
{"time":"2024-05-21T12:41:00+03:00","message":"[1min]messages sent"}
{"time":"2024-05-21T12:42:00+03:00","message":"[1min]messages sent"}
{"time":"2024-05-22T14:42:00+03:00","message":"[1min]messages sent"}
{"level":"error","time":"2024-05-22T17:51:00+03:00","message":"Error notifying upcoming deadlines: [pgxpool.Pool.Query] can't exec query: ERROR: relation \"note\" does not exist (SQLSTATE 42P01)"}
{"time":"2024-05-22T17:51:00+03:00","message":"[1min]messages sent"}
{"time":"2024-05-22T17:52:00+03:00","message":"[1min]messages sent"}
{"time":"2024-05-22T17:53:00+03:00","message":"[1min]messages sent"}
{"time":"2024-05-22T17:54:00+03:00","message":"[1min]messages sent"}
{"level":"error","time":"2024-05-22T18:06:00+03:00","message":"Error notifying upcoming deadlines: [pgxpool.Pool.Query] can't exec query: ERROR: relation \"note\" does not exist (SQLSTATE 42P01)"}
{"time":"2024-05-22T18:06:00+03:00","message":"[1min]messages sent"}
{"time":"2024-05-22T18:07:00+03:00","message":"[1min]messages sent"}
{"time":"2024-05-22T18:08:00+03:00","message":"[1min]messages sent"}
{"time":"2024-05-22T18:14:00+03:00","message":"[1min]messages sent"}
{"time":"2024-05-22T18:15:00+03:00","message":"[1min]messages sent"}
{"time":"2024-05-22T18:16:00+03:00","message":"[1min]messages sent"}
{"time":"2024-05-22T18:18:00+03:00","message":"[1min]messages sent"}
{"time":"2024-05-22T18:19:00+03:00","message":"[1min]messages sent"}
{"time":"2024-05-22T18:20:00+03:00","message":"[1min]messages sent"}
{"time":"2024-05-22T18:21:00+03:00","message":"[1min]messages sent"}
{"time":"2024-05-22T18:22:00+03:00","message":"[1min]messages sent"}
{"time":"2024-05-22T18:23:00+03:00","message":"[1min]messages sent"}
{"time":"2024-05-22T18:24:00+03:00","message":"[1min]messages sent"}
{"time":"2024-05-22T18:25:00+03:00","message":"[1min]messages sent"}
{"time":"2024-05-22T18:26:00+03:00","message":"[1min]messages sent"}
{"time":"2024-05-22T18:27:00+03:00","message":"[1min]messages sent"}
{"time":"2024-05-22T18:33:00+03:00","message":"[1min]messages sent"}
{"time":"2024-05-22T18:35:00+03:00","message":"[1min]messages sent"}
{"time":"2024-05-22T18:36:00+03:00","message":"[1min]messages sent"}
{"time":"2024-05-22T18:37:00+03:00","message":"[1min]messages sent"}
{"time":"2024-05-22T18:39:00+03:00","message":"[1min]messages sent"}
{"time":"2024-05-22T18:41:00+03:00","message":"[1min]messages sent"}
{"time":"2024-05-22T18:42:00+03:00","message":"[1min]messages sent"}
{"time":"2024-05-22T21:46:00+03:00","message":"[1min]checked"}
{"time":"2024-05-22T21:47:00+03:00","message":"[1min]checked"}
{"time":"2024-05-22T21:48:00+03:00","message":"[1min]checked"}
{"time":"2024-05-22T21:49:00+03:00","message":"[1min]checked"}
{"time":"2024-05-22T21:50:00+03:00","message":"[1min]checked"}
{"time":"2024-05-22T21:51:00+03:00","message":"[1min]checked"}
{"time":"2024-05-22T21:52:00+03:00","message":"[1min]checked"}
{"time":"2024-05-22T21:53:00+03:00","message":"[1min]checked"}
{"time":"2024-05-22T21:54:00+03:00","message":"[1min]checked"}
{"time":"2024-05-22T21:55:00+03:00","message":"[1min]checked"}
{"time":"2024-05-22T21:56:00+03:00","message":"[1min]checked"}
{"time":"2024-05-22T21:57:00+03:00","message":"[1min]checked"}
{"time":"2024-05-22T21:59:00+03:00","message":"[1min]checked"}
{"time":"2024-05-22T22:00:00+03:00","message":"[1min]checked"}
{"time":"2024-05-22T22:00:00+03:00","message":"[hourly]checked"}
{"time":"2024-05-22T22:01:00+03:00","message":"[1min]checked"}
{"time":"2024-05-22T22:02:00+03:00","message":"[1min]checked"}
{"time":"2024-05-22T22:03:00+03:00","message":"[1min]checked"}
{"time":"2024-05-22T22:11:00+03:00","message":"[1min]checked"}
{"time":"2024-05-22T22:12:00+03:00","message":"[1min]checked"}
{"time":"2024-05-22T22:13:00+03:00","message":"[1min]checked"}
{"time":"2024-05-22T22:14:00+03:00","message":"[1min]checked"}
{"time":"2024-05-22T22:15:00+03:00","message":"[1min]checked"}
{"time":"2024-05-22T22:16:00+03:00","message":"[1min]checked"}
{"time":"2024-05-22T22:17:00+03:00","message":"[1min]checked"}
{"time":"2024-05-22T22:18:00+03:00","message":"[1min]checked"}
{"time":"2024-05-22T22:21:00+03:00","message":"[1min]checked"}
{"time":"2024-05-22T22:22:00+03:00","message":"[1min]checked"}
{"time":"2024-05-22T22:23:00+03:00","message":"[1min]checked"}
{"time":"2024-05-22T22:24:00+03:00","message":"[1min]checked"}
{"time":"2024-05-22T22:25:00+03:00","message":"[1min]checked"}
{"time":"2024-05-22T22:26:00+03:00","message":"[1min]checked"}
{"time":"2024-05-22T22:27:00+03:00","message":"[1min]checked"}
{"time":"2024-05-22T22:28:00+03:00","message":"[1min]checked"}
{"time":"2024-05-22T22:29:00+03:00","message":"[1min]checked"}
{"time":"2024-05-22T22:30:00+03:00","message":"[1min]checked"}
{"time":"2024-05-22T22:31:00+03:00","message":"[1min]checked"}
{"time":"2024-05-22T22:32:00+03:00","message":"[1min]checked"}
{"time":"2024-05-22T22:33:00+03:00","message":"[1min]checked"}
{"time":"2024-05-22T22:34:00+03:00","message":"[1min]checked"}
{"time":"2024-05-22T22:35:00+03:00","message":"[1min]checked"}
{"time":"2024-05-22T22:36:00+03:00","message":"[1min]checked"}
{"time":"2024-05-22T22:37:00+03:00","message":"[1min]checked"}
{"time":"2024-05-22T22:38:00+03:00","message":"[1min]checked"}
{"time":"2024-05-22T22:39:00+03:00","message":"[1min]checked"}
{"time":"2024-05-22T22:41:00+03:00","message":"[1min]checked"}
{"time":"2024-05-22T22:42:00+03:00","message":"[1min]checked"}
{"time":"2024-05-22T22:43:00+03:00","message":"[1min]checked"}
{"time":"2024-05-22T22:45:00+03:00","message":"[1min]checked"}
{"time":"2024-05-22T22:46:00+03:00","message":"[1min]checked"}
{"time":"2024-05-22T22:47:00+03:00","message":"[1min]checked"}
{"time":"2024-05-22T22:49:00+03:00","message":"[1min]checked"}
{"time":"2024-05-22T22:50:00+03:00","message":"[1min]checked"}
{"time":"2024-05-22T22:51:00+03:00","message":"[1min]checked"}
{"time":"2024-05-22T22:53:00+03:00","message":"[1min]checked"}
{"time":"2024-05-22T22:54:00+03:00","message":"[1min]checked"}
{"time":"2024-05-22T22:55:00+03:00","message":"[1min]checked"}
{"time":"2024-05-22T22:57:00+03:00","message":"[1min]checked"}
{"time":"2024-05-22T22:58:00+03:00","message":"[1min]checked"}
{"time":"2024-05-22T22:59:00+03:00","message":"[1min]checked"}
{"time":"2024-05-22T23:00:00+03:00","message":"[hourly]checked"}
{"time":"2024-05-22T23:00:00+03:00","message":"[1min]checked"}
{"time":"2024-05-22T23:02:00+03:00","message":"[1min]checked"}
{"time":"2024-05-22T23:03:00+03:00","message":"[1min]checked"}
{"time":"2024-05-22T23:04:00+03:00","message":"[1min]checked"}
{"time":"2024-05-22T23:05:00+03:00","message":"[1min]checked"}
{"time":"2024-05-22T23:06:00+03:00","message":"[1min]checked"}
{"time":"2024-05-22T23:07:00+03:00","message":"[1min]checked"}
{"time":"2024-05-22T23:08:00+03:00","message":"[1min]checked"}
{"time":"2024-05-22T23:09:00+03:00","message":"[1min]checked"}
{"time":"2024-05-22T23:10:00+03:00","message":"[1min]checked"}
{"time":"2024-05-22T23:11:00+03:00","message":"[1min]checked"}
{"time":"2024-05-22T23:12:00+03:00","message":"[1min]checked"}
{"time":"2024-05-22T23:13:00+03:00","message":"[1min]checked"}
{"time":"2024-05-22T23:14:00+03:00","message":"[1min]checked"}
{"time":"2024-05-22T23:15:00+03:00","message":"[1min]checked"}
{"time":"2024-05-22T23:16:00+03:00","message":"[1min]checked"}
{"time":"2024-05-22T23:17:00+03:00","message":"[1min]checked"}
{"time":"2024-05-22T23:18:00+03:00","message":"[1min]checked"}
{"time":"2024-05-22T23:19:00+03:00","message":"[1min]checked"}
{"time":"2024-05-22T23:21:00+03:00","message":"[1min]checked"}
{"time":"2024-05-22T23:22:00+03:00","message":"[1min]checked"}
{"time":"2024-05-22T23:23:00+03:00","message":"[1min]checked"}
{"time":"2024-05-22T23:24:00+03:00","message":"[1min]checked"}
{"time":"2024-05-22T23:25:00+03:00","message":"[1min]checked"}
{"time":"2024-05-22T23:26:00+03:00","message":"[1min]checked"}
{"time":"2024-05-22T23:27:00+03:00","message":"[1min]checked"}
{"time":"2024-05-22T23:28:00+03:00","message":"[1min]checked"}
{"time":"2024-05-22T23:29:00+03:00","message":"[1min]checked"}
{"time":"2024-05-22T23:30:00+03:00","message":"[1min]checked"}
{"time":"2024-05-22T23:31:00+03:00","message":"[1min]checked"}
{"time":"2024-05-22T23:32:00+03:00","message":"[1min]checked"}
{"time":"2024-05-22T23:33:00+03:00","message":"[1min]checked"}
{"time":"2024-05-22T23:34:00+03:00","message":"[1min]checked"}
{"time":"2024-05-22T23:35:00+03:00","message":"[1min]checked"}
{"time":"2024-05-22T23:36:00+03:00","message":"[1min]checked"}
{"time":"2024-05-22T23:37:00+03:00","message":"[1min]checked"}
{"time":"2024-05-22T23:38:00+03:00","message":"[1min]checked"}
{"time":"2024-05-22T23:39:00+03:00","message":"[1min]checked"}
{"time":"2024-05-22T23:41:00+03:00","message":"[1min]checked"}
{"time":"2024-05-22T23:42:00+03:00","message":"[1min]checked"}
{"time":"2024-05-22T23:43:00+03:00","message":"[1min]checked"}
{"time":"2024-05-22T23:44:00+03:00","message":"[1min]checked"}
{"time":"2024-05-22T23:45:00+03:00","message":"[1min]checked"}
{"time":"2024-05-22T23:46:00+03:00","message":"[1min]checked"}
{"time":"2024-05-22T23:47:00+03:00","message":"[1min]checked"}
{"time":"2024-05-22T23:48:00+03:00","message":"[1min]checked"}
{"time":"2024-05-22T23:49:00+03:00","message":"[1min]checked"}
{"time":"2024-05-22T23:50:00+03:00","message":"[1min]checked"}
{"time":"2024-05-22T23:51:00+03:00","message":"[1min]checked"}
{"time":"2024-05-22T23:52:00+03:00","message":"[1min]checked"}
{"time":"2024-05-22T23:53:00+03:00","message":"[1min]checked"}
{"time":"2024-05-22T23:54:00+03:00","message":"[1min]checked"}
{"time":"2024-05-22T23:55:00+03:00","message":"[1min]checked"}
{"time":"2024-05-22T23:56:00+03:00","message":"[1min]checked"}
{"time":"2024-05-22T23:57:00+03:00","message":"[1min]checked"}
{"time":"2024-05-22T23:58:00+03:00","message":"[1min]checked"}
{"time":"2024-05-22T23:59:00+03:00","message":"[1min]checked"}
{"time":"2024-05-23T00:00:00+03:00","message":"[1min]checked"}
{"time":"2024-05-23T00:00:00+03:00","message":"[hourly]checked"}
{"time":"2024-05-23T00:00:00+03:00","message":"[daily]checked"}
{"time":"2024-05-23T00:01:00+03:00","message":"[1min]checked"}
{"time":"2024-05-23T00:02:00+03:00","message":"[1min]checked"}
{"time":"2024-05-23T00:03:00+03:00","message":"[1min]checked"}
{"time":"2024-05-23T00:04:00+03:00","message":"[1min]checked"}
{"time":"2024-05-23T00:05:00+03:00","message":"[1min]checked"}
{"time":"2024-05-23T00:06:00+03:00","message":"[1min]checked"}
{"time":"2024-05-23T00:07:00+03:00","message":"[1min]checked"}
{"time":"2024-05-23T00:08:00+03:00","message":"[1min]checked"}
{"time":"2024-05-23T00:09:00+03:00","message":"[1min]checked"}
{"time":"2024-05-23T00:10:00+03:00","message":"[1min]checked"}
{"time":"2024-05-23T00:11:00+03:00","message":"[1min]checked"}
{"time":"2024-05-23T00:12:00+03:00","message":"[1min]checked"}
{"time":"2024-05-23T00:13:00+03:00","message":"[1min]checked"}
{"time":"2024-05-23T00:14:00+03:00","message":"[1min]checked"}
{"time":"2024-05-23T00:15:00+03:00","message":"[1min]checked"}
{"time":"2024-05-23T00:16:00+03:00","message":"[1min]checked"}
{"level":"error","time":"2024-05-23T00:17:00+03:00","message":"Error notifying upcoming deadlines: [NoteOverdue]: [pgxpool.Pool.QueryRow] Can't exec query number of field descriptions must equal number of destinations, got 8 and 7"}
{"time":"2024-05-23T00:17:00+03:00","message":"[1min]checked"}
{"time":"2024-05-23T00:18:00+03:00","message":"[1min]checked"}
{"time":"2024-05-23T00:19:00+03:00","message":"[1min]checked"}
{"time":"2024-05-23T00:20:00+03:00","message":"[1min]checked"}
{"time":"2024-05-23T00:21:00+03:00","message":"[1min]checked"}
{"time":"2024-05-23T00:22:00+03:00","message":"[1min]checked"}
{"time":"2024-05-23T00:23:00+03:00","message":"[1min]checked"}
{"time":"2024-05-23T00:24:00+03:00","message":"[1min]checked"}
{"time":"2024-05-23T00:25:00+03:00","message":"[1min]checked"}
{"time":"2024-05-23T00:26:00+03:00","message":"[1min]checked"}
{"time":"2024-05-23T00:27:00+03:00","message":"[1min]checked"}
{"time":"2024-05-23T00:28:00+03:00","message":"[1min]checked"}
{"time":"2024-05-23T00:29:00+03:00","message":"[1min]checked"}
{"level":"error","time":"2024-05-23T00:31:00+03:00","message":"Error notifying upcoming deadlines: [NoteOverdue]: [pgxpool.Pool.QueryRow] Can't exec query number of field descriptions must equal number of destinations, got 8 and 7"}
{"time":"2024-05-23T00:31:00+03:00","message":"[1min]checked"}
{"time":"2024-05-23T00:32:00+03:00","message":"[1min]checked"}
{"time":"2024-05-23T00:35:01+03:00","message":"[1min]checked"}
{"time":"2024-05-23T00:36:00+03:00","message":"[1min]checked"}
{"time":"2024-05-23T00:37:00+03:00","message":"[1min]checked"}
{"time":"2024-05-23T00:38:00+03:00","message":"[1min]checked"}
{"time":"2024-05-23T00:39:00+03:00","message":"[1min]checked"}
{"time":"2024-05-23T00:40:00+03:00","message":"[1min]checked"}
{"time":"2024-05-23T00:41:00+03:00","message":"[1min]checked"}
{"time":"2024-05-23T00:42:00+03:00","message":"[1min]checked"}
{"time":"2024-05-23T00:43:00+03:00","message":"[1min]checked"}
{"time":"2024-05-23T00:44:00+03:00","message":"[1min]checked"}
{"time":"2024-05-23T00:45:00+03:00","message":"[1min]checked"}
